-0.474327
-1.345599
-1.515206
1.645370
1.698274
-0.198939
1.007599
0.608792
1.233582
0.905144
1.338952
0.252320
0.852907
-1.383866
-0.575467
-1.604049
1.500024
1.125930
-0.351714
0.295815
0.961788
0.819950
0.658158
-1.248885
0.915628
1.489396
0.902144
1.009621
1.717333
1.240574
1.152109
-1.514174
0.985624
1.301589
-0.548260
-0.998924
-0.591729
0.869961
1.157048
1.251817
0.766192
-1.305258
0.419221
-0.581444
-1.166235
-0.696864
-1.180661
0.691353
-0.317234
0.503931
1.029843
1.269580
-0.735769
-0.286507
1.308058
0.772412
0.833893
1.274740
1.223069
0.980081
1.054675
-0.421776
-0.775406
-1.069396
-0.178711
-0.470927
-0.260994
-1.482290
-0.602794
-0.583196
-0.667732
-1.273332
1.265582
1.115668
0.911010
0.905648
-1.557194
1.008229
-0.768671
1.628584
0.165263
0.997377
-0.368319
-0.894513
-0.986293
1.371009
-1.025143
1.171897
-0.372842
-1.101655
-0.983494
-0.579354
1.456164
0.680861
-0.934150
-0.171715
-1.486714
-0.901306
-0.672575
-1.481821
0.237533
-1.130291
0.960337
0.246015
-1.192659
-0.751599
0.112555
0.996117
0.748404
0.146730
-0.790277
1.167368
0.371380
-0.338258
-1.228599
-0.971218
-1.146957
0.129743
1.099034
-0.840632
0.340792
-1.120691
-1.393894
-1.340216
1.108402
1.218638
-0.919427
-1.400178
-1.018808
-1.432010
-0.548204
1.237377
-0.879003
-1.127805
0.235258
0.917392
-0.688301
-0.381682
0.721194
-0.965767
-0.776116
0.787075
-0.539694
-1.025576
-1.362343
-0.191040
0.602255
1.248624
0.604131
-0.116942
1.217952
0.889516
0.879723
0.221992
0.725416
0.857771
1.154580
-0.774752
-0.994610
-0.100565
-0.784877
0.808359
-0.201839
-1.282419
-1.347593
-0.931443
-1.086130
-1.159643
-0.970301
-0.912572
-0.361372
0.876385
0.841923
0.986571
-0.346443
-0.735642
-1.421111
0.641498
-0.565439
-0.209658
-0.871470
-0.826149
-0.558983
-0.338040
-0.481469
0.754109
-0.703686
0.468146
-0.560610
-0.620510
-0.243093
0.122281
-0.206290
-0.827307
-1.052015
-0.983178
-0.558708
-1.283822
0.173228
-0.914713
-1.546543
0.860458
-0.097633
0.406894
0.115265
0.591197
-0.909347
0.764153
-1.198823
0.959546
-1.266753
0.710050
0.832922
-1.231909
0.346539
-0.219113
-0.867502
1.292701
-0.297966
1.335977
0.953657
-1.319251
-0.204823
-1.413496
0.795200
0.880072
0.134902
0.112791
1.176194
0.467866
1.508381
0.184469
-0.168777
0.245937
1.520601
-0.969620
-0.807971
0.750748
-1.217068
-0.896417
0.770186
0.609591
-1.260774
-0.240637
1.196640
0.086964
1.427180
-0.404733
-0.335408
-1.071612
-1.293684
-0.638972
-0.772971
-0.369473
-1.045216
0.884036
1.429733
-0.940388
0.108526
0.124102
0.395865
1.238992
0.103542
-0.923363
0.014031
-0.307483
-0.661053
-1.096279
0.487788
-1.511243
0.915154
0.996527
1.576594
0.892835
0.739994
-0.234349
0.198544
1.474708
-1.287064
1.144790
-1.218831
-0.200698
-0.927867
-0.607611
0.018209
0.150045
0.875223
1.181544
-0.288807
0.348441
-1.049484
0.786877
-1.151599
-0.395937
-1.244393
-1.424060
-0.985888
-1.193642
-1.305534
0.294625
-0.310069
-1.335387
-0.551660
0.742145
-0.087690
0.171687
0.173256
-1.022585
-0.979469
-0.272399
0.915913
0.298433
-0.804794
0.444415
0.341764
0.690542
-0.849932
0.743821
0.841495
-1.152068
-1.210075
-0.807334
0.190782
0.486457
-1.521310
-1.003120
-0.161150
-1.189574
-0.848881
-0.069038
-1.022034
-0.706835
0.358592
1.035040
-0.444245
1.288748
0.804456
0.812945
-0.389104
-0.747689
-1.183645
-1.240456
-0.102350
0.849418
-0.984886
-1.337723
1.213516
0.909284
0.205816
0.436990
0.926088
0.502506
0.675927
-1.145824
-0.770435
-0.760937
0.192321
-0.002451
0.359389
-0.443396
0.629649
0.485897
-0.444958
-1.495294
-0.330099
-1.248966
-1.336867
0.840769
-1.262851
-1.067108
0.556219
-1.203599
-1.249512
-1.345126
-1.419982
0.749617
1.267063
-0.183854
-0.566982
-1.273029
-0.414688
0.058635
1.182073
-1.529798
1.325900
1.482995
0.544505
0.118527
-0.493636
-1.343328
-0.662698
-0.554159
-1.282367
-1.132238
1.258793
-0.937001
0.331647
-0.275939
0.596333
-0.048070
1.061851
1.128715
0.135848
1.182078
-0.608974
-1.222184
-1.035908
-0.808330
0.918486
-1.276437
0.196342
1.155071
-0.909187
0.809082
0.930208
-0.868412
1.142547
0.402994
0.019079
1.446709
1.318981
-1.484422
1.100023
1.190987
0.824163
-1.014780
-0.409340
0.849831
1.204810
0.964504
-1.278042
0.964791
-1.287091
-0.937364
-0.835910
0.977138
1.139913
0.198566
-0.721261
-1.409965
-0.909956
0.392904
0.169861
-0.821426
0.400977
0.046955
1.302889
0.326515
0.587482
0.171327
1.368110
1.155774
-0.902880
0.432109
-1.289608
-1.055814
-0.283032
-0.860117
0.420640
0.140910
1.137122
-1.432822
1.016861
0.690987
0.715110
0.608112
-0.979571
-0.017735
-1.045569
0.370900
0.525089
0.178829
0.647756
-0.246940
-1.010950
0.542066
0.947798
0.659836
-0.805225
-0.936497
1.074855
-0.153000
-1.026571
-0.416154
0.333433
0.368314
1.496689
1.348982
-0.567383
1.324148
0.426868
-1.176208
-0.343875
-0.224810
-0.827391
0.107540
-1.173277
0.404140
-0.692324
-1.099290
1.331536
0.560051
1.144724
1.174764
-0.192445
0.707332
0.136558
1.405539
0.932693
-0.826052
-0.768596
-1.272615
0.328120
1.071273
1.413662
1.138908
0.379795
0.507616
0.867461
1.375372
1.316966
-0.532514
1.441670
-0.896912
0.493373
0.134267
0.559731
-1.231175
-0.523321
-0.326608
0.831857
1.560785
0.027346
0.963303
0.008253
0.454601
-0.974986
-0.640612
0.359909
-0.614522
-1.331695
0.971860
-0.592282
-1.205070
0.267808
-1.189182
-1.413601
-0.489048
0.903779
1.037007
1.248428
0.967732
-0.334874
-0.526319
-0.204944
1.297328
1.494033
1.004153
0.952599
1.081527
0.084558
-0.337676
1.088140
0.778297
0.713301
-0.499170
1.367689
0.070800
-0.579372
-1.024049
-0.950266
0.953301
0.467550
1.175159
1.280556
0.600404
0.258615
-0.467433
-1.540682
0.439269
0.621478
0.788769
1.061312
0.919860
-0.398855
-0.539130
1.373497
1.355155
0.647149
1.044343
0.679484
0.516880
-1.370840
0.920951
0.279984
1.423924
0.914093
-0.032776
-0.861461
0.307026
-0.981551
-0.281558
-1.429181
0.258054
-0.553685
1.451672
0.266629
0.514650
-0.545889
-1.254255
0.933081
1.307894
0.583810
0.044904
-0.376523
0.040719
0.966770
-1.163119
-0.717422
1.069533
-0.063058
-1.116601
0.138250
1.090746
1.045374
0.902798
-1.074001
0.512701
-1.208020
-0.503876
-0.010420
-1.052860
-1.472977
0.262821
0.973308
1.092438
1.690773
1.189663
-0.803066
0.469109
1.359650
1.011839
0.715996
1.282819
-0.854113
0.081247
-1.054815
0.891441
1.247146
-0.989845
-1.128223
-1.068338
1.231806
-0.583762
-1.319455
0.974034
0.357091
0.398353
-0.144980
0.561553
1.110294
-1.242476
-1.234255
-1.200699
1.157639
0.504322
-0.303029
0.788655
0.435154
0.647766
-0.810570
1.062716
0.652013
-1.213519
-0.131263
0.792644
0.676418
-0.643931
-0.479379
-1.077476
0.175494
-0.355099
1.201007
-0.264246
-0.639320
1.044800
-1.041829
1.040785
1.564966
0.540936
-0.014313
0.820696
0.835150
1.130795
-0.795788
-0.488378
-1.107966
-0.513663
0.932177
-0.064029
0.216942
0.266096
0.663202
0.645698
0.872883
1.266918
1.130052
0.804051
0.979956
0.121445
0.900511
0.569569
1.367527
0.822938
-0.993180
0.600780
0.921858
0.953045
-0.809754
-0.270536
-1.373947
-1.052222
-0.770371
-1.145914
-1.151277
-1.041174
0.009331
0.834818
0.726010
0.365045
-1.508799
-0.344601
-1.024374
-1.075970
0.606423
0.099579
-0.449797
0.861515
1.081666
-1.134463
-0.781642
-1.217421
-1.411931
-0.705626
1.119457
1.348084
-0.267726
-0.858444
-1.269750
-0.484229
-0.089962
1.077085
-0.342950
1.027031
0.567467
1.276092
0.399546
0.928605
1.232384
-0.931458
0.997156
1.451201
1.250114
-1.252853
1.169919
0.457636
1.220693
1.305711
0.980402
0.933401
1.161487
0.975857
1.467461
-0.232457
-1.318261
-0.296352
1.298555
0.642945
1.175158
0.875042
-0.483111
0.748314
0.726391
-0.286008
1.337860
0.119881
-0.320220
-1.073464
1.549463
1.334260
1.370950
-0.335697
0.391156
-0.796258
-0.831811
-0.717890
-1.037664
-0.723841
-1.073247
-1.451000
-1.127676
-1.189163
-0.897120
-0.437594
-0.685624
-0.583219
0.699402
1.884179
1.264792
1.480392
0.580272
1.400860
-0.065218
-1.302087
-0.883053
-0.350049
0.896435
-0.459553
1.109747
0.446324
0.851175
0.230561
1.503103
1.042610
1.035404
0.729166
0.994859
0.597412
1.014276
-0.270808
0.630904
0.374906
0.505461
0.808607
0.377985
0.738279
0.103090
0.405435
-0.106716
0.568231
-0.103326
0.187478
0.039263
1.751524
1.052864
0.212901
1.555346
0.207108
1.316400
-0.364831
-0.568548
-1.384095
1.272232
-1.095328
-0.368266
0.747765
-0.573625
-0.739984
1.221033
-0.069636
0.326774
-0.637635
0.688626
-0.695244
-1.431978
0.094896
-1.272023
-0.192863
-1.363294
0.864965
1.339164
0.885603
1.202905
-0.602772
0.839764
1.013267
0.767234
0.048264
-1.003085
0.283858
0.546634
-0.713406
-0.251890
0.414585
-0.501949
-0.736518
-0.054194
-1.187375
0.911140
-0.166514
-0.039672
-1.083568
0.607176
-0.225208
1.079384
0.910113
0.298024
1.110469
-1.273133
0.204670
0.874779
1.554920
0.019236
-0.813930
-0.508576
-1.414691
-0.774875
-0.794651
0.377767
0.449525
1.393386
-0.367347
-1.255670
-1.140894
0.612108
-0.326873
0.770553
-0.023945
1.038843
0.762474
-0.607750
0.944357
-1.041788
-0.353247
1.059079
0.511343
-0.843430
-0.642896
-0.942957
0.706473
0.730722
1.012750
0.053927
1.470131
-0.458273
-0.063784
1.064578
1.224401
0.578790
1.493652
-1.543046
-0.483782
-1.360965
-0.909643
0.891146
1.618181
-0.915378
-1.224422
-0.847184
-0.928061
1.168429
0.426255
-0.878771
-0.821660
-1.293206
-0.636010
1.106020
-0.732225
-1.199324
0.072684
-0.198343
1.597401
-0.622387
0.915042
0.575417
-0.991476
-0.847510
-0.074751
-1.112825
-0.972396
0.546481
-0.419334
-0.820866
-1.392689
1.522033
0.938837
-1.332238
-0.708756
-1.088178
-0.975941
-1.136644
-1.052451
-0.981127
-1.367385
-0.975824
-0.692722
-0.832381
1.399324
0.330329
-0.900867
-0.361078
-1.333039
-0.897987
-1.491250
0.027134
0.699376
0.126436
-0.010261
-1.642037
0.181413
1.522260
0.810853
0.979551
1.323326
0.818012
-0.360923
-1.111457
-0.923118
0.596068
0.675569
0.559688
-0.326171
-0.810843
-0.386342
-1.086591
0.678281
-0.930567
0.160414
1.470111
0.863283
0.241763
-0.234498
-0.780337
-0.755798
-0.742604
-0.254740
-0.684575
-1.209769
-0.634563
-1.158037
0.732327
0.457364
0.820666
-1.757817
-1.120095
-1.198942
-0.976837
0.180642
0.038070
1.520238
-0.283533
-1.566459
-0.882373
-1.171533
-0.797473
-0.103485
-0.541834
-0.877152
-1.084849
1.380170
-1.027648
-1.085180
-0.906913
-0.307740
-0.051775
-1.321764
-0.096914
0.109792
-1.164349
0.918906
1.328816
0.908350
1.628450
-0.258706
0.141788
0.787407
1.152418
-0.586093
-1.001282
-1.447607
-0.529290
-1.045748
-0.304748
0.244646
0.641344
-0.939930
1.094964
-0.333283
-1.045731
-1.052823
1.274774
0.893737
1.015561
0.998407
0.618767
-1.172953
-1.716135
-0.412000
1.054314
0.925415
0.358170
0.633423
-1.458395
-0.702028
-1.636632
-1.339094
-0.208896
-0.968256
-1.472206
-0.489906
-1.030282
-0.941736
0.219597
1.276321
0.904726
0.400677
-1.416314
0.815898
-0.978367
-0.555662
-0.625378
-0.631511
1.462642
1.442320
1.017363
0.842968
0.432189
0.662922
-0.289710
-0.835342
-1.619732
0.464992
-0.920297
-0.380073
-1.013423
0.686086
-1.162268
-1.345481
0.362639
-0.715742
-0.420717
1.379930
-0.235403
-1.098103
-1.122572
-0.095173
0.140821
-0.087988
1.290278
1.105660
-1.133113
0.748789
1.247273
0.465797
1.107913
-0.585150
-1.180938
-1.054439
-0.561721
1.514518
0.585152
1.377068
1.289349
1.265372
-1.242073
-0.634957
-0.611208
-1.541134
-1.187221
-1.112812
-1.159735
-1.433622
-0.965641
-0.503889
1.525032
1.695753
-0.518412
0.352296
0.361688
0.573207
-0.250766
-0.736837
0.015264
1.031500
-1.236540
-0.715455
-1.580315
-0.463195
-0.917098
-0.817500
-1.341706
1.217490
1.124529
-0.875643
-1.004504
-0.045182
-0.343311
0.339872
0.271341
-0.343579
-1.038141
-0.868605
1.444141
0.857355
1.058118
-0.143943
-0.781380
1.057916
-1.360581
-0.527768
-1.497810
-1.325935
-0.596151
0.327509
-1.249905
-0.438681
-0.314562
-1.059557
-1.088075
-0.941490
-1.307823
0.205392
1.510418
0.378132
0.909868
0.075074
0.144955
1.195789
0.870307
-0.488757
0.349753
0.304510
-0.077071
0.100387
-0.168103
-1.382032
-0.605291
1.271093
0.714362
-1.442363
0.572852
1.416557
1.288781
-1.585298
-1.279591
-1.059594
-1.301465
1.436236
0.927731
-0.181139
-0.342680
-0.890765
-0.344193
-0.898575
-1.393536
-1.350849
1.088791
1.219755
1.442344
-1.221232
0.786694
-1.074856
-1.327836
-0.993573
-0.978252
0.565270
-0.866912
-0.610926
-0.183802
-1.653329
0.039318
-0.899959
-0.116131
-0.721976
-0.681986
-1.486314
-0.429505
1.439345
1.323260
0.603890
-0.154404
-0.399155
-1.056763
-1.224207
1.125087
1.038353
-1.181352
1.314151
0.434672
1.586829
0.095067
0.799516
0.778811
-1.501380
0.448274
0.261319
-1.045531
-1.083387
-0.228866
-0.925696
-0.050862
-0.515719
-1.479713
-0.838829
1.303066
-1.073188
-0.608799
-0.917986
-1.142297
1.358880
0.910238
-0.443840
-0.928480
-0.979968
-0.240206
0.922919
0.914503
-0.635753
0.849981
0.875929
0.857482
0.772892
0.136139
0.146810
-1.128355
-0.268694
-1.003396
-0.658768
-0.932307
-0.223947
-0.695420
-1.375644
-0.051225
-0.452970
-0.950800
-0.804955
-1.383555
-1.275790
0.468669
-0.974821
-1.380427
1.467839
0.419609
0.209994
-0.761642
-1.264817
-0.564199
-1.068282
-0.874352
1.031407
0.735709
1.327940
0.702538
1.216374
-0.855229
-0.390036
-1.234637
-1.037709
1.189990
0.903503
0.024489
1.485154
0.312806
-1.340540
-1.384155
-0.789401
-0.983173
1.187258
0.644753
1.483445
0.890789
1.087635
-1.306909
-0.282453
-0.633962
-0.663261
-0.549883
1.180405
-0.113004
0.162712
1.050755
1.096209
0.353886
-0.937601
-1.095520
-0.905161
-0.960851
-0.960191
0.120421
0.710520
0.105507
-0.714727
-1.187637
-0.059231
1.018951
1.345821
-0.440333
-0.529414
-0.520300
0.958671
-1.418965
1.249081
1.201456
1.033610
1.290418
-0.953135
0.345936
-0.767599
0.348109
-0.676506
-1.758457
-1.172378
-0.893235
-1.118755
0.053048
1.120737
-0.307875
0.236784
-0.649207
-1.018917
-0.506444
0.767848
-0.611276
0.233937
0.885736
-0.084550
-1.416050
-0.753888
-1.118509
0.689706
-1.504076
-0.859440
-0.844821
-0.197304
0.963996
1.155149
0.926439
0.188728
0.911939
1.395514
1.375820
1.440347
0.040516
-0.279866
-0.735902
0.831182
-1.237529
1.001942
-1.439448
-0.958274
1.603044
0.646196
-1.006657
-1.037389
1.848147
-0.175331
-0.988970
-1.082162
0.042983
-1.044776
-0.753771
0.679518
0.146732
-1.121205
1.048421
0.549399
1.476270
-0.163775
-1.386653
1.390104
-0.254334
-0.667206
-1.337395
-0.915836
1.070196
0.607834
1.282428
-0.318517
-1.430289
-1.279391
-1.339133
-1.312524
0.634038
-1.639292
-1.331015
-0.510930
1.249310
-0.810349
0.777009
0.832422
0.160561
0.320187
0.003142
0.323235
1.463480
1.389973
-0.875332
1.460441
1.008333
1.011538
0.187163
0.814748
0.698453
0.300274
-0.469912
0.699996
1.440574
-0.722462
-0.681199
-1.088444
-1.222296
-0.727098
-0.182078
1.070142
0.404959
0.641188
-1.479252
0.564904
-0.964925
1.302219
-1.452631
-1.490079
-0.913371
0.206383
0.516206
0.534281
1.246543
0.546988
-1.451866
0.398594
-0.761489
-1.545970
0.678783
-1.372357
-1.008782
-1.021079
0.255557
-0.911506
-0.297081
-0.611503
-0.646249
-1.007049
-0.618669
-1.069266
-0.223201
-0.319219
1.270757
0.336877
0.561370
1.480805
0.388260
0.041397
1.428888
-0.051969
-0.677096
-1.353991
-0.592275
-0.478504
-0.621369
-0.634914
0.313793
0.995274
1.513459
-1.187340
-0.565440
-0.772217
-1.494851
-1.339732
-0.180236
0.682400
-0.259389
-0.833470
0.197733
0.823725
0.432273
0.518726
-0.737878
-0.881054
-0.527032
0.662084
0.001884
1.237064
-0.264623
-1.097204
-0.775448
0.974320
0.513903
-0.999166
-0.599962
-1.124007
-0.568746
1.257646
-1.101362
-1.319722
-0.953411
0.690041
0.891235
0.862201
1.283564
-0.902589
0.297354
0.848079
-0.504415
0.495872
0.965711
0.687239
0.626352
1.109743
0.322860
-0.375490
-0.749383
-0.766480
-1.493645
-1.290884
-1.008805
-0.315776
-0.808068
0.851948
-0.865655
-0.671758
-0.522305
-0.360018
0.604902
0.641799
0.490443
1.043839
-1.098145
-0.367000
-0.562065
-0.467591
1.804303
-0.096875
-0.521183
0.740734
-0.883869
-0.628226
-0.376683
0.488144
1.160092
1.374696
-1.280656
-1.182959
-0.888901
-0.897969
-1.340516
0.817033
0.385064
-0.512835
-0.518979
1.120561
0.890949
1.338570
0.052544
0.584952
1.138299
0.214570
-0.145437
1.052316
1.504434
-1.307534
-1.207886
-0.186717
1.255094
0.671977
-0.983331
0.948162
1.121143
1.568329
-0.387776
-0.507031
1.236012
0.867306
0.868791
1.098886
-0.062587
-0.685594
-1.135885
-1.045619
-0.948560
-0.754979
-1.293367
-0.048554
0.030856
1.160614
-0.938119
1.428861
-0.216778
-0.317935
-1.043087
1.401194
0.893423
0.702286
-1.059635
-0.664913
-0.046514
-0.110867
0.093933
-0.228581
0.182169
-0.650412
-1.246856
-0.102019
0.657742
-1.280283
0.431549
0.765408
-1.303424
-0.115510
0.698843
0.555400
-1.365464
-1.282210
-1.037172
-1.303374
1.055434
0.641883
-0.794442
-1.552807
-0.834578
-0.904124
-0.104998
0.014828
-0.043215
-1.396516
-0.734784
-0.639091
-1.221149
-0.708904
-0.902186
-0.900100
-0.788424
0.903235
0.346497
1.228589
0.693417
1.682819
0.486287
1.809198
1.238153
1.046970
-1.109139
0.474071
-1.074443
-0.506656
0.723633
1.276268
0.852277
0.942274
0.988525
-0.701006
-0.381721
1.392836
0.695310
0.397108
0.402519
1.080456
-0.939075
-1.349141
-0.424010
0.309279
-0.321365
-1.310617
0.324675
-0.021185
0.678703
0.747390
0.583754
1.149071
-1.025326
-1.013120
0.526830
-1.268512
-1.419897
0.318648
-1.637772
-1.103424
-1.451726
-1.805502
-0.818330
1.671015
0.435270
0.761891
1.555204
-1.482789
-1.235306
-1.057335
-1.476738
-0.544792
0.261637
1.169056
0.039144
0.894367
0.752345
0.451003
1.249579
0.934667
0.306777
0.728892
0.695415
-1.420873
-0.626474
1.374080
-0.482667
1.622701
0.228265
1.334753
0.295252
0.182970
-0.187527
0.314276
1.237653
1.284338
0.523380
0.112554
-0.889112
1.177744
0.416761
0.674788
1.591518
0.870690
0.779007
-1.404334
-1.009350
-0.917323
0.524402
0.808812
1.310346
1.023841
0.250649
1.266846
0.103240
1.153051
0.430969
-1.343116
0.431147
1.030098
0.738287
-0.588093
-0.487809
0.342578
0.979511
0.330555
-1.384269
0.841014
-0.561417
-0.246059
0.633470
-1.647854
0.507995
-0.499842
-0.182150
-1.030340
1.287779
-1.214449
0.486041
0.143033
0.848470
0.341842
0.027263
0.730218
0.758892
0.702304
-0.333365
0.582967
0.325125
0.933263
1.132852
0.223709
-1.298671
-0.798822
0.962193
0.829567
0.960190
-0.981215
0.901062
0.408227
1.272435
0.894595
0.300693
0.764297
-1.248703
0.263724
0.251761
-0.899530
1.196095
-1.664714
-0.064118
-0.978164
-0.303297
0.239380
1.007654
-0.610600
-0.007900
0.946930
0.937083
1.055411
-1.065683
0.164988
-0.816908
-1.245009
-1.326785
-1.338845
-1.380275
-0.598974
-0.295672
-0.801879
0.247009
-1.127703
-0.023442
0.320258
1.548400
0.946799
-1.244196
0.981704
0.652923
-0.425276
-0.341725
1.142110
0.759600
0.072780
-0.833032
1.169513
1.107974
1.135968
0.797981
1.347408
1.049888
-1.176972
1.059982
0.444272
0.570815
-0.643793
-0.398166
-1.216356
1.102331
0.950912
-0.329127
0.851280
0.678499
0.004062
-0.768994
-0.998246
-0.571408
-1.141770
-0.864386
0.721802
0.791513
1.303897
0.335163
-0.696314
1.151236
0.780644
1.030932
0.182831
-1.044869
-1.662548
0.079762
-1.184326
-1.463065
-0.818657
-1.815068
-0.534598
1.157328
-0.320816
-1.266571
-0.275303
-0.260455
-0.861772
0.965627
1.710355
0.625886
0.364058
-0.671827
-0.708507
-0.002793
0.144012
0.878738
0.024924
-0.868463
-1.084669
1.689612
1.262281
-0.229170
0.518212
0.768056
-0.615564
-0.553643
0.883074
1.022212
0.558949
1.606002
1.257495
-0.868685
1.215628
0.104179
-1.358119
-0.990729
-1.060147
-1.113842
-0.219054
-1.074523
1.437566
-1.223601
-1.180923
-0.712932
-1.177523
-1.207226
1.553426
-0.187518
-0.594901
0.992284
1.116058
0.849522
0.205029
1.686252
1.295814
1.294988
-0.052967
-1.656129
-0.937106
0.992646
0.659374
1.292722
1.090100
0.971324
-0.513021
-0.275282
0.352716
0.975734
-0.671115
0.294945
1.254089
1.329771
-0.298608
-0.753099
-0.351253
-0.573632
0.094359
-1.620002
1.075585
-1.260914
0.805327
0.050953
-0.028082
1.469701
1.184277
1.425182
1.758145
0.800540
-1.317960
-1.354012
-0.608288
1.346089
0.555530
-0.493697
-0.747298
-0.933358
-0.331263
0.881608
-0.605817
0.437008
1.436489
-1.066639
0.326572
0.505222
0.576995
-0.709866
-1.018573
-0.948920
-0.977491
0.687254
1.439504
0.766011
-0.668556
0.760825
0.979438
-0.317193
-0.785203
1.632559
0.626263
-0.589785
1.148921
1.144617
0.868774
-0.864188
0.454604
-0.120087
0.168198
1.277678
0.875883
-1.125463
-1.151723
-0.975421
-0.659811
-1.338028
-0.540834
0.895756
1.053253
-1.053923
-1.181080
-1.496034
-0.774728
1.043382
1.058454
0.773254
-1.393537
-1.431735
-1.034743
0.536343
0.740869
0.757297
-0.864290
-1.550317
-0.992091
-0.753499
-1.416718
-0.783663
-1.488104
-0.024907
0.657189
0.875085
-1.016834
-1.024507
-0.405882
0.383034
1.576128
1.009355
1.270856
0.138323
0.201864
-0.471726
-1.096011
-0.605720
-0.993456
-0.042012
-0.908781
-1.206908
-0.713235
-0.107124
0.385744
0.856441
1.179100
0.920255
-0.912028
0.783837
1.381548
1.288240
1.049793
0.674806
-1.496188
-0.533707
-1.737595
0.599789
0.511686
-0.706529
-0.813872
0.125319
1.132772
0.663287
-0.734671
-0.466073
-1.250599
-1.481094
-0.218901
0.123409
-1.302462
-1.456635
-0.628191
0.917070
1.267793
1.149048
0.308700
0.926301
1.024692
0.246168
1.171858
-0.481084
-0.623018
-0.038688
1.054905
0.772289
1.445533
-1.198623
-0.168336
-1.099424
-1.127442
0.983361
1.112289
-1.124432
-0.662474
1.415535
1.005091
0.872648
0.976480
1.216329
0.842018
-0.269879
-0.215117
-1.607013
0.350012
-0.677222
-0.526857
-1.018874
-1.033550
-0.829622
-0.292201
-1.235149
1.215793
-1.482015
-0.245506
-0.429045
0.551204
1.045902
0.473271
1.400129
-0.710881
0.705600
0.327600
0.903287
-0.677287
-0.258128
-0.774440
0.928322
-0.781377
-0.452929
0.704381
0.973553
1.194640
-1.305258
-0.282396
-0.103875
-0.669219
-1.264947
-1.151132
-0.953848
-1.588309
0.105172
1.345538
0.635463
0.065319
0.848950
1.366004
-0.073663
-0.296755
1.343111
1.055808
0.981060
1.014394
0.760135
0.888293
0.127397
-0.685972
-1.059012
-1.460370
-1.252109
0.666779
0.456947
-1.012795
-0.571295
-0.561632
0.191145
0.843539
-1.298894
-1.414550
1.244254
0.563741
-1.483020
0.583384
1.107571
-0.608626
-1.709453
-0.851502
-1.174830
-1.468811
-0.161683
0.493508
-1.559612
0.221566
1.285186
1.392683
0.359717
0.531493
1.405935
0.232730
0.404025
0.309061
1.138569
-0.007404
1.026032
-0.786274
-1.440514
0.005672
-1.389848
-1.184260
-1.581696
0.768333
0.859786
-1.258732
-0.900725
-0.175413
0.496434
-0.144488
0.806812
-0.746337
0.044697
1.310366
1.354898
-0.796859
-0.915165
-0.679072
0.720520
-0.373044
-0.736165
-0.831452
-0.273655
-1.268980
0.145324
-0.141354
1.658191
-0.405639
0.986864
0.913599
0.584499
-0.576355
1.264059
-0.399108
-0.874580
-1.028415
-1.059523
-0.948263
0.436728
0.497744
-0.272207
-1.139772
-0.331478
1.104754
1.498170
1.092933
0.311555
0.221001
-0.844697
0.293253
-0.406428
-0.868816
0.444417
1.283614
-0.332467
-0.454415
-1.017594
0.135792
-0.736197
-1.069392
-1.204680
1.334244
1.230834
-0.969693
0.309105
-1.397902
-1.299293
-1.159947
0.736878
1.160597
-0.282899
-0.551259
1.261206
-0.414788
1.491203
1.523945
-0.745204
-1.414763
-0.961199
-1.287114
-0.245030
-0.805223
0.398259
-0.618540
-0.263179
-1.015686
0.894495
1.387152
1.311882
0.193236
-0.789675
-0.872052
-0.048124
-0.640330
-1.285526
1.173558
0.505189
1.209506
1.047158
0.287673
0.767294
0.117343
1.422409
1.380807
-0.296555
1.436025
-0.874204
-1.227273
-0.418953
1.362956
-0.157844
1.059413
1.172808
0.445270
1.247145
-1.313405
0.047590
-1.260023
0.348363
0.767731
1.356736
-0.943658
0.583099
-1.008514
0.801311
0.740691
1.858049
0.370814
1.426112
0.493827
1.090123
0.769799
-0.136342
-0.843584
-0.019176
1.229852
0.599270
-0.354452
1.087353
-0.266866
-0.133609
0.879394
0.829603
-0.151354
-0.334492
1.254040
-1.221531
-1.364359
-0.910098
-1.356190
0.756758
1.124715
0.045223
-0.978082
-0.491628
-0.146569
-1.052870
-1.107373
0.189263
-0.937009
-1.029532
-0.909371
-0.826936
0.015470
0.753826
1.034471
0.647984
-1.265118
-0.238041
0.884975
1.053076
0.972034
-0.342503
-0.499314
-0.730613
-1.393426
-1.139823
-1.088519
1.320096
0.819182
1.628360
1.198576
0.171730
0.545215
1.296434
1.635771
0.748833
-1.274657
-0.356285
0.609178
-0.665872
-0.148135
-0.930534
1.220028
0.785235
-1.304863
0.317558
0.092548
1.487567
-0.403627
0.165020
-0.920139
-1.352603
-0.524944
1.004578
-1.236350
-0.183411
-0.939175
0.066897
-1.517232
-1.119531
-1.123827
-1.053576
-0.868879
-0.216131
-0.876011
-1.253867
-1.220130
-0.945947
-0.866807
1.560559
0.824429
-0.706756
1.109884
1.139745
-0.756709
1.185600
-1.586949
-1.113716
1.101175
0.590987
-0.995852
-1.360308
-0.272391
-0.471736
-1.496335
0.814532
-0.965371
-0.623813
1.291625
-1.000520
0.449909
0.294746
0.427074
-1.035488
-0.636223
0.765565
1.383997
-1.098127
0.181947
-0.734245
-0.927101
-1.318994
-0.320707
0.911761
1.054755
0.226028
0.173593
-0.624161
1.026797
1.334440
1.023167
0.520184
0.520585
0.988509
-0.748541
-1.228809
-0.901675
-0.617084
-0.688429
1.358136
-0.555789
1.013406
-0.987000
0.146236
-0.693045
1.122243
1.061252
0.396544
-1.452518
1.400908
1.023172
1.318242
-0.092775
-0.819496
-1.188804
0.276275
-1.039929
-0.840482
0.468016
0.525295
0.789289
-1.410731
-0.113344
1.009195
1.642451
1.276658
1.289359
-0.896245
1.114019
-0.789884
-1.082051
-1.262514
-0.725450
-1.333403
-1.402223
-0.687747
-0.964010
-1.299560
-1.655748
-1.149978
-1.497475
0.427115
0.504577
-0.483687
1.065158
-1.240784
-0.829984
-0.634378
1.404450
0.614429
-0.577382
1.310789
-0.625213
0.337992
1.143040
0.456903
1.496034
0.893429
0.505680
1.284650
0.843129
0.677309
-0.913992
-0.052293
-0.964902
-0.288809
-0.539108
-0.004762
1.190519
1.643053
0.565575
-0.716686
-1.115600
-0.819076
1.321836
-0.781731
-0.785339
-1.243508
0.742646
0.711692
0.936583
1.385513
0.953885
1.123866
1.728217
1.017488
0.193072
-0.965313
-0.682328
-1.168428
1.469350
0.855225
0.174045
-0.845444
-1.181098
0.584895
-0.813375
1.200414
-0.083712
0.075152
0.075121
-0.208812
1.507783
-0.707654
-1.010955
0.424480
0.613494
-1.050819
-1.221730
-1.322703
-1.169109
-1.202172
-0.578152
-0.854103
-0.612799
-0.690094
0.605671
1.113959
0.533437
-0.535069
-0.705598
1.098674
0.724500
1.002669
0.364750
-1.291341
-0.022520
1.009525
0.728338
1.483458
1.225217
0.832009
1.025167
1.191710
0.942062
-0.540077
1.236189
0.529017
0.784314
1.034460
-0.293686
-0.245837
-1.218371
-1.180225
0.227151
0.826524
0.954070
-1.150500
-1.162431
1.355305
-1.437005
1.515212
-0.841130
-1.530715
0.760640
-0.914760
-1.606758
-1.268549
0.018077
0.941281
-0.030704
0.068398
1.082904
1.064279
-1.448193
-0.944882
1.533859
-0.795665
-0.244400
0.587247
0.651344
-0.874429
-0.892782
1.055974
0.521735
-0.462976
0.988767
-0.910947
-0.538360
-0.322570
-0.246449
-0.661751
0.336605
-0.843761
1.285000
-0.944581
1.314594
0.310221
-1.116115
1.216860
0.130446
-0.626538
0.411999
0.948243
0.896245
1.013794
0.674933
-0.127227
0.012560
-0.379550
-1.699229
-0.181035
-0.723129
-0.042697
-0.640545
-1.531304
-1.291429
0.168587
-0.002375
-0.855944
0.577623
0.468900
-0.255107
-0.003842
-1.124939
-0.673368
0.865936
0.582671
0.574337
0.647588
1.306951
0.716240
-0.409235
-0.195583
1.149289
1.071727
-0.225962
-0.286146
-1.177712
-1.574739
-1.231551
-1.191626
-1.286658
-0.544966
-0.710729
-0.719605
-0.173139
-0.943807
0.773477
0.620631
0.174388
1.416558
0.270757
0.657217
-1.358582
-0.909496
0.886351
0.905892
-0.765411
-1.326876
0.772167
1.080979
0.704338
-0.599254
-0.689744
-1.106867
-0.247451
-0.104758
0.263917
-0.984994
-1.350558
-0.058060
-1.569551
-0.804279
1.003432
0.921225
-1.901696
-1.396878
-1.343215
-0.557762
-0.719648
-0.065389
1.066955
0.019561
-1.012740
0.250070
1.756713
-1.333307
-1.165665
0.943733
0.987083
0.838911
0.666071
0.813983
0.432284
0.286270
-1.347816
-1.322522
-0.839363
1.792689
1.057573
0.866322
0.533093
0.569537
-0.519355
0.381019
1.144840
-0.271497
-0.689757
-0.853799
-0.946118
-0.523384
0.995959
0.154420
0.010069
0.657635
1.275160
-0.185437
0.219432
-0.126176
-1.044885
-0.940155
-0.268719
-1.245640
0.197344
-0.772853
-0.110478
1.104548
1.207841
1.485926
0.416309
-0.502822
-0.635680
-0.740785
0.566987
-0.090644
-1.329585
-1.070274
-0.534759
1.001068
-0.921419
-1.116284
-0.450390
-0.855748
-1.183423
-0.710283
-0.120345
-0.737172
-1.260961
1.541685
0.466956
-1.412396
-1.128630
-0.663906
0.919987
-0.915102
-1.321123
-2.028441
-0.751565
-1.125178
-0.734227
-1.586587
1.164097
-1.728232
0.908825
0.654722
-0.210539
1.242346
-0.897780
0.696500
1.668847
0.158492
-1.047530
-0.130386
0.953150
1.262881
-1.335289
-0.909928
-0.247013
1.492579
0.445651
0.310183
0.620326
-0.899050
-0.855368
0.883702
0.667927
0.080755
0.323732
-1.462010
0.643988
-1.307200
-0.577195
-1.377319
-0.528776
1.121227
1.449388
0.076927
-0.120468
0.703740
0.776897
-0.522457
-1.628286
-0.851663
-1.004641
-1.109999
-0.888689
-0.379187
-0.080119
-0.504267
0.678526
-0.414843
0.670386
1.230644
-0.487088
-0.657850
-0.527007
-0.408119
0.635796
-0.397446
-0.244313
0.890457
0.524689
-0.903730
1.289930
0.430439
-1.410163
0.300572
1.236637
-1.084981
-0.911844
0.085461
0.666118
-1.528768
-0.640969
-0.209341
0.052656
1.158231
0.412113
0.188205
-1.087815
-1.084886
-1.301753
-0.884803
0.139286
-0.099594
1.055393
-1.250427
-0.666336
0.995943
0.874221
0.932671
0.539795
-0.895189
0.110915
1.106304
0.971832
-1.168778
0.348355
0.124299
1.443433
1.294352
0.393985
1.025626
0.746640
-0.938983
-0.762985
0.122733
0.866883
-0.674595
-1.226698
-1.794074
-1.131111
-0.904668
-1.600897
-0.338631
-0.811234
-0.949951
-0.284365
0.070051
-0.412995
-1.277348
-0.105404
-1.552924
1.048632
1.300014
1.139447
-1.368371
-0.239396
1.154553
1.218978
-0.937104
-1.410538
-1.034538
-1.151332
-0.456361
0.417365
0.977422
0.756618
-0.904886
1.126492
1.487518
-0.905378
-1.206886
-0.004813
-0.237060
-1.084821
-0.578246
-0.638024
-0.932015
-0.850835
-1.742269
0.421103
-0.438606
0.861338
-1.238318
-1.140632
-0.383176
0.947417
1.024284
1.145977
0.276153
1.409548
-1.089469
-1.560890
-1.336388
-0.606060
-1.091933
0.279755
-0.826067
-1.021252
1.508607
0.703357
-0.562989
0.500024
0.673620
1.326038
-0.060951
0.837340
0.723900
1.632210
0.194053
1.360284
0.616868
1.287542
-1.393861
-0.018735
-1.355504
-1.146290
-0.892287
-0.375720
-1.595410
0.067340
-0.709275
1.201349
0.607852
1.097934
-0.848839
-1.480790
0.411954
0.081664
-1.267517
-0.713388
-0.895012
-0.369820
-0.550497
-0.855001
-1.034315
-0.638570
-0.485463
0.938632
1.512817
1.531661
0.610931
0.952461
0.805504
1.091572
0.403367
1.002311
-0.598646
-1.080409
-0.883767
-1.104083
-1.291876
0.508601
1.337863
1.330743
-0.315201
-1.221099
0.727732
-1.743449
0.864460
1.486323
0.864780
-1.583408
-1.395653
-1.350541
0.486267
0.321850
0.096860
-0.055511
0.894092
1.038359
1.009559
0.638913
0.912997
1.300947
-0.673177
-0.377795
-0.835298
-1.110347
-1.093080
-1.048116
-1.062937
-1.501582
0.444912
1.228907
-1.189006
-1.426767
-0.645316
-1.068519
-1.279853
0.069950
0.448237
-0.395515
1.047130
1.245502
1.306655
-0.287962
-1.038609
0.716329
-0.000641
1.177263
-1.532662
-0.386454
0.837234
-1.209681
1.000057
-1.241386
-0.691530
-0.104374
1.371311
1.138169
0.955958
-0.207648
0.458793
-0.485229
-1.160686
-0.786732
0.205474
1.346791
-0.582445
-0.897689
-0.360676
0.571372
1.267608
0.245437
0.662360
-1.995580
0.030626
-1.130137
-1.062795
-1.162969
-0.453180
-1.374825
-1.381991
0.772667
1.353221
1.138033
1.220123
1.031309
-1.192062
-1.249254
1.262440
-0.072892
-1.598808
-1.268207
-0.789983
1.066766
0.715173
-1.272726
1.716792
0.755057
-1.137553
-0.789254
-0.506190
-0.294036
0.836715
0.585779
-0.273208
-1.019803
-0.346544
0.698603
0.026072
-0.148340
-1.436439
-1.011242
-0.700144
-1.457612
-1.070463
-1.476613
-0.749297
-0.911301
-0.348428
-0.894220
0.293381
-0.006729
-0.995007
0.951160
-1.031805
0.454849
-0.481990
-1.256732
-1.329470
-0.754566
-0.224015
-0.447368
-1.226033
1.089117
0.195482
-1.185806
1.446684
0.591592
0.316282
0.783652
-1.210638
-0.442131
-1.189464
-1.347318
-0.453590
-0.383311
1.095515
0.853950
0.471202
1.207455
0.714196
0.285538
-1.276465
-0.721405
-0.568737
0.374665
-1.430568
0.611626
-0.396397
-0.603783
-0.707870
-1.252204
0.222528
1.035563
-0.123807
-0.529561
0.267034
-1.078573
-1.086816
-0.859288
-0.957004
1.092123
-0.626751
0.890274
1.580896
0.830871
0.600869
0.509286
0.704137
1.082711
0.579684
0.909511
0.227766
-0.495655
1.383691
1.284510
0.621842
0.661949
1.166150
1.413813
1.224218
1.190872
0.786083
1.100222
1.118602
-1.152540
-0.746678
0.000329
1.078222
0.713746
-0.927069
-0.689935
-1.016130
-0.804194
-0.284659
-0.592818
-1.375369
-0.840608
-1.292867
-0.185566
-1.504015
-0.158097
-0.966446
1.484805
1.042546
-0.429992
-0.869348
-0.107753
-1.359602
-0.014088
0.042094
0.705507
0.890751
0.790793
-0.980498
-0.574019
-1.418424
-1.219060
1.344477
1.450340
-0.046106
1.054835
1.448471
1.262273
0.575775
0.205024
1.411177
1.319339
0.894132
-0.931484
1.101845
1.372184
1.233741
0.587987
-0.993683
1.056861
1.381204
1.015011
-0.565303
-0.608994
1.193852
0.610323
1.037678
-0.787531
-1.466047
-1.170397
-0.442851
-1.392032
-0.612053
-1.241240
-0.817367
0.994816
0.268602
-0.336152
-1.414581
1.028058
1.193373
1.059320
1.185188
0.754538
0.232863
1.164696
-0.788955
0.352655
0.763940
0.841832
1.168993
-1.306899
-1.221302
-0.514584
0.591340
0.656413
-0.535018
-0.841325
0.954099
-1.553664
1.055235
-0.717324
0.897686
1.048172
0.944867
0.816005
0.988004
0.879777
-1.227444
-0.596388
1.075636
-0.844186
-1.569609
0.570950
-0.943463
-0.714379
1.606684
-0.379445
-0.978434
-1.117804
-1.045237
0.472196
1.243391
1.112948
0.812239
0.323522
-0.583948
-0.904214
-0.878197
-0.392775
0.533007
0.844287
-0.334569
-1.118346
-0.301052
-1.000358
0.057695
0.102240
1.037546
0.361903
-1.216224
0.941863
0.813450
-1.296049
-0.985402
-1.180975
-1.715915
0.088590
-0.806039
1.387835
-0.098024
1.142146
1.510276
0.266208
0.841323
0.665094
-1.180479
-0.955044
0.638856
-0.416763
-0.061207
-0.955578
1.179441
0.268743
1.487315
1.000087
1.243506
-0.721335
0.849690
-0.445821
-1.050260
0.439369
-0.706742
0.369267
1.431042
0.544664
0.017995
-1.100756
-1.397025
1.211913
-0.580017
-0.804245
0.596933
-0.643256
-1.344544
0.036804
-1.229253
-0.488990
-0.710712
-0.551564
-1.115631
-1.689119
-0.851769
-0.132707
-1.360813
0.510614
0.797182
1.287454
0.831787
1.438050
0.555905
1.420249
0.053374
0.893161
0.574571
-1.067890
-0.871321
-0.509466
1.248698
-0.938660
-1.341759
-1.183036
-0.449574
0.160974
-1.248844
-0.878011
0.075293
-1.083818
0.293755
0.748496
-0.497014
0.708206
1.285933
-0.784256
0.274988
1.287616
-1.249779
-0.486485
-0.844488
0.946504
0.146196
-0.878647
-1.563895
1.172687
-1.268697
-0.858910
-0.181302
-0.743957
-0.393167
-1.239553
-0.561778
0.226114
0.196197
1.171039
1.517487
-1.171289
0.402131
-1.042919
-1.354942
-0.002989
1.086008
0.414908
-0.851173
-1.301416
-1.237575
-0.978462
-1.259303
-0.595143
-0.884383
1.150502
0.545580
-0.827351
1.140312
0.789116
-0.339838
-0.295886
-1.042074
1.346799
1.087370
-0.811423
-1.180158
-1.104037
-0.369950
-0.888118
-1.040126
-1.054891
-0.852606
-0.678143
1.426731
0.755351
1.005929
0.397960
1.306356
0.681426
0.529642
-1.010347
-1.356145
-1.079852
-0.438674
-0.964951
0.967251
1.272321
1.363688
-1.060030
0.601121
-1.140056
0.099521
-0.923142
-1.168419
0.187271
0.654858
0.135630
-0.474036
0.485728
0.892898
0.886689
1.149138
1.589028
-1.403502
-0.740479
-1.001047
-1.176753
-0.221438
-0.012745
-0.169592
1.090968
1.202945
1.176870
0.611467
0.606579
0.851652
-1.282611
-0.468425
-0.930100
-0.726791
-1.488641
0.122823
1.403722
0.744236
0.470152
-0.151844
1.212687
0.569106
1.693605
-1.629904
1.223197
1.051165
1.345047
0.651964
1.077926
0.255175
-0.171452
-0.213473
0.557294
-0.756645
-1.282386
-1.556392
-0.829813
-0.864120
-1.143384
1.097942
-0.169250
-0.839490
-0.835160
1.210367
-0.626615
-0.147010
-1.567839
-0.338177
-1.229915
-0.346824
-1.028386
0.390747
0.712491
0.931840
1.343878
1.105021
0.333405
-0.502049
-0.242759
1.048646
-1.012868
1.162935
0.947322
-0.946839
0.409707
1.377874
-0.359770
1.152431
1.425956
0.286146
-0.972771
-0.935348
-0.520224
-1.024732
0.366653
0.219036
1.190597
1.073863
-1.277596
-1.509946
1.281911
1.305564
0.504181
1.362110
0.795595
-1.067659
-0.722159
0.800825
-0.140757
-0.571671
-1.292592
1.035242
0.727513
-0.424412
-0.467240
-0.353255
0.995489
0.717579
0.629454
-0.875241
-0.868656
-0.953669
1.077584
-0.238558
-0.616460
-0.444252
0.240874
0.765346
0.810989
0.727534
0.666617
-1.171055
-1.131502
1.027322
-1.224909
0.775706
0.744856
0.939985
-0.023519
-1.546623
0.053555
-0.622100
-0.660911
-0.819272
-0.711231
-0.367067
1.128109
-0.326037
-0.369051
-0.124667
0.824948
-0.017364
0.930013
-1.425434
1.206475
0.750935
1.258632
0.659986
-1.040095
-0.869368
-1.833224
0.265972
1.121259
0.052279
0.708916
-0.919861
-0.779467
-0.816367
-1.040432
0.748765
0.807763
1.090586
-1.533900
-0.328047
-1.357851
-0.843886
-1.316915
-0.826135
0.079932
-1.005136
-0.338515
0.956625
-1.463141
-1.228688
-0.888296
-0.133546
-0.366102
-0.490984
-0.279230
-0.833905
1.445859
-1.764007
-1.032356
-1.126844
1.635680
-0.316164
-1.269298
-0.749861
-0.383119
-1.753073
-1.302665
-0.699602
0.740717
0.925849
0.348613
-1.159743
-0.485776
-1.290106
-0.500295
-0.257456
0.909453
-0.093950
-0.184181
0.807507
-0.831153
0.120100
1.474943
0.066568
1.024538
1.556756
1.712219
1.378029
-1.122932
-1.264255
0.895596
-1.606736
-1.104498
0.909384
0.331155
0.869468
-0.981541
-0.301315
1.311727
-0.097393
0.908229
-0.629287
-0.370127
-0.938144
-0.039589
0.443758
0.750437
0.439204
0.838378
-0.928105
0.334144
0.091905
0.951729
0.741257
-1.457814
-1.005120
1.053968
0.772610
1.554241
1.253758
1.300996
1.081761
-1.215407
-1.030510
-1.166676
-0.039698
1.105292
0.377385
0.335753
-0.827070
1.223951
-1.232956
-0.732226
-0.851939
1.039632
-1.124475
0.666975
0.247374
-0.902155
0.608036
1.197962
1.585230
0.796586
-0.264003
-0.975907
-0.823164
0.643500
0.283540
0.890938
0.994812
-0.237999
-0.055746
1.082061
0.216300
-0.237799
0.226289
0.431762
-1.132733
0.624921
0.974975
-0.191776
-0.997375
0.056421
0.363229
-1.127079
1.131305
0.682251
1.451791
-0.964879
1.146529
-0.740616
0.910056
0.848399
1.403723
1.135522
1.118111
-1.429229
1.092447
-0.184390
0.589585
1.014489
1.133040
1.471779
0.109467
1.199686
0.789933
-1.102536
-1.454657
-1.223142
1.428285
0.486939
-0.170683
0.863815
0.933292
0.357234
0.378651
0.962069
1.072758
-1.579822
0.838393
-1.097908
0.284549
-0.486679
1.214673
0.479459
0.424121
0.702923
0.771288
0.984077
-1.375542
-0.938359
-0.842660
-0.187253
0.202286
1.299059
1.076245
0.131761
0.739796
0.677450
-1.221976
-0.769737
0.362188
1.055337
0.942478
0.282609
-0.392012
-0.491985
-0.923081
0.547219
-0.637364
-0.256433
0.425896
-0.900033
-0.212468
0.450079
1.379271
0.328377
-0.019223
0.109004
-1.242027
-0.615742
-0.116289
1.118757
0.853358
-0.436371
-1.695918
-0.406850
-0.991783
0.645185
-1.676299
-0.301545
-0.224013
-1.109920
-0.701561
-0.315839
-0.648709
-0.478821
-0.291862
-0.739095
0.635357
1.250352
-0.589570
-0.963777
-1.040594
-0.524633
-0.719631
-1.183640
-0.266303
-1.095416
-1.158247
0.590247
0.280185
-1.510155
-1.035009
0.484976
0.739907
-0.109109
1.182855
-0.067828
0.516835
0.616102
-0.715988
0.978967
0.390781
-0.567159
-0.977425
-1.199618
0.723787
1.027078
0.981345
0.744110
0.096128
0.274998
0.941761
1.037042
1.203335
0.229314
1.003211
-0.138407
-1.103323
0.294211
-0.844414
-0.311111
-0.268584
0.126537
0.718994
0.372385
-0.451441
-0.375942
-1.371253
-1.206311
-0.820648
0.311979
-1.058672
0.176061
-0.741840
-0.716446
-1.171067
1.273864
-0.384130
-0.568069
-1.252206
-0.421568
1.004579
-0.602091
-1.311622
0.319384
-0.344544
0.408302
-1.112434
1.383519
1.408341
-1.350682
1.417473
0.942355
0.202555
1.130980
-0.835482
-1.013727
1.347248
-0.678399
-1.306798
0.879074
-1.020698
-0.966860
1.309519
0.256017
-0.308906
-0.449165
-0.941961
-0.174545
-1.166170
-0.743772
-0.160965
-0.131840
0.933851
-0.936882
-0.018349
0.009833
0.195932
-1.705501
1.188034
-1.079862
-0.872413
-1.301467
0.173494
-0.314315
0.478333
0.162194
-0.954320
-0.447881
1.663181
1.761995
0.416366
0.161279
-0.279780
-1.113276
-1.568984
-1.004331
0.858197
1.102182
0.019601
1.092976
-0.125159
-0.026581
-1.208849
-1.290074
-0.606405
-1.265500
0.347505
0.418586
-0.948233
-0.426737
1.297094
1.109616
1.159890
-1.479576
-0.727460
1.173818
0.659474
0.898210
-1.050640
1.309560
-0.515436
0.945317
0.608172
-1.093416
1.296765
1.137505
-0.256072
1.135646
0.464481
0.458835
1.169814
0.870771
-0.578711
0.401360
-1.048963
0.049023
0.774948
0.382295
-0.657490
0.836920
0.466037
0.255710
-0.597923
0.706540
1.355840
0.610396
-0.462038
-0.395290
-0.130637
-0.782602
1.129733
-0.648428
-0.376703
0.898110
1.794508
1.426996
-1.675861
0.613730
0.685666
-1.334409
-0.895003
-0.168405
-1.170235
-1.327648
-0.727514
0.701031
0.776570
-1.322101
-0.063378
-0.524143
0.485850
0.128695
1.370583
-0.938975
1.523514
1.111272
1.563134
0.118723
0.852896
1.319120
0.018218
0.138611
-0.889302
1.501829
1.022388
-1.307906
0.124779
-0.246322
1.154229
0.332702
-1.302680
1.192934
1.305312
-0.691062
-1.164666
0.862944
0.649260
1.256088
1.282495
-0.670702
0.764049
0.260539
0.411276
0.254431
0.024785
0.618605
-1.077345
-1.470921
-0.372800
-0.722399
-1.259663
0.234890
1.105318
0.478070
-0.351121
-0.019865
-0.881474
0.281585
0.560296
1.177016
-0.227716
1.597290
0.795582
-0.018248
0.516656
1.522441
-0.726941
0.049648
-1.374995
-0.395649
1.062947
0.813839
0.418462
1.039651
-0.710340
1.318705
0.867802
1.440258
0.842902
-0.349120
0.725496
-0.766986
1.147570
-1.351298
0.277939
0.102077
-0.204900
1.025746
1.110517
1.399370
0.690829
0.169677
0.922305
0.835364
-0.161866
-0.275322
1.313476
0.972065
-1.063645
-0.706684
-1.509061
0.754832
-0.985237
-0.616805
-0.850251
-0.176519
0.782098
-0.385755
-0.983901
-0.641637
0.881799
-1.344622
-0.118605
1.165129
0.557104
1.384602
-1.406713
-1.141585
-1.095220
1.500094
1.372341
0.395304
-0.132088
-1.206508
-0.827649
0.045317
1.152233
-0.399638
-0.506910
0.789564
-0.862664
0.884490
0.944640
0.848782
0.183146
-0.726808
-0.900375
-0.289191
1.025819
0.563640
-1.210098
-0.471585
0.277348
-0.542931
-1.693113
-1.412538
1.102184
0.669990
1.104750
-1.419098
-0.646206
-1.651805
-0.897970
1.582465
1.216752
0.608502
0.899063
1.296467
0.748739
-1.409718
0.411433
-0.568330
-1.286832
-0.979624
-1.474569
-1.287729
1.385389
1.100743
0.863162
0.668923
0.871150
1.467883
-0.487198
0.457413
-1.468446
0.169392
-1.534380
-1.666647
0.835405
1.719831
-0.981528
0.924773
1.087858
1.118999
1.409787
1.331323
-1.331347
0.185007
-0.623052
0.489713
-0.789172
-1.347700
0.465781
-0.565587
-1.454767
1.183212
-1.267826
0.940108
-0.908691
-0.362445
1.188972
0.561869
1.292328
1.530261
0.587249
-0.822178
-0.798039
-0.518155
0.032927
-0.013132
0.932964
1.286987
-1.433697
-0.455831
0.559991
-0.994097
-0.173775
-0.048317
0.473624
-0.113915
0.823847
0.317929
-1.380166
-1.193986
0.636502
0.236536
0.207748
-0.660661
1.432493
1.382811
0.251347
-0.537877
-0.796943
-1.042252
-1.220235
1.177277
-0.593266
-0.455768
-1.665075
-0.345168
-0.378415
-0.985538
0.917802
1.045500
-0.451243
1.072956
0.107254
-1.010688
-0.822219
-1.291559
1.412430
0.873513
-0.002602
-1.432756
0.528303
-0.539153
-0.775190
0.410569
0.795054
-0.845136
0.364341
0.193941
0.488826
0.748973
-0.497780
-1.187620
-1.616090
-1.261925
-0.714670
1.095018
-0.099065
-0.793703
1.030029
1.032849
0.102561
-1.053624
-0.508950
-1.573073
-1.223832
0.116331
0.370208
-0.880404
-1.033032
0.232062
-1.232117
0.151769
-0.757895
0.152427
-0.094691
-1.373854
-0.751741
0.056092
0.390851
-1.914834
-0.328461
-1.429417
-0.665001
0.852443
0.543133
-0.857355
-1.393957
-1.392761
0.488918
1.038270
-1.573815
1.156932
-0.089054
0.658523
-0.189177
-1.201295
0.288768
-0.191892
0.655029
0.403094
-1.073559
0.888419
-0.220702
0.673794
0.142851
0.704992
1.625349
0.428423
0.964527
1.399286
0.993975
0.711578
-0.295241
-0.847203
0.088715
-0.768937
-0.959242
-1.072832
-1.097987
-0.630250
-1.207675
-0.539934
1.489916
-1.362955
-0.185229
-0.831462
-1.209397
-0.619519
-0.776052
-1.360801
-0.395593
-0.482329
0.956765
0.774081
1.014248
-0.080196
0.865514
1.414584
1.104172
-1.639413
0.971817
0.929490
1.096616
-1.032791
-0.619333
-0.431726
0.142167
0.665475
0.429698
-0.835100
-0.889621
1.003045
1.094989
0.277159
1.251135
0.902190
0.919476
1.044489
1.292578
0.726611
1.398080
1.423101
-1.258200
0.247533
1.157460
0.892081
0.980375
0.876156
1.286845
1.026244
-0.246714
0.935646
-0.869611
-1.136496
-0.443593
0.493344
0.754329
-0.395565
-1.113363
-0.561650
-1.724849
-1.067472
-1.204810
-1.297853
0.073258
1.131119
0.398986
0.905737
-1.253730
-0.248182
-0.748118
0.738635
0.213335
-0.656203
0.774636
0.982110
-0.234936
1.381243
-1.221027
-0.844701
-0.634612
-1.323560
-0.697912
-0.613563
0.577985
1.180372
-0.986160
-0.067030
1.016364
0.773942
1.100394
1.174058
0.781913
0.138959
0.749236
0.444183
-0.548563
-0.657428
-0.787520
1.107299
-1.200729
1.501540
0.540151
0.515716
1.431197
0.955914
0.638624
1.019701
-0.962407
-0.187981
0.388448
-0.970280
1.336590
1.070880
0.133308
-1.116846
0.114305
-0.490029
0.555569
-0.153895
0.542446
1.095355
0.918136
1.031847
-0.914490
0.350804
0.862266
1.214456
1.334961
1.020982
-0.243191
-1.488900
-1.624455
-1.060941
-0.672889
-1.018546
-0.698625
-0.947006
0.965061
1.035981
-1.471278
-1.138597
-0.575558
0.849081
1.212489
1.240066
0.807241
-0.066348
-0.838516
1.237325
1.014071
0.482355
-0.979641
-0.531834
0.905647
1.347151
0.001038
-1.075987
-0.965825
-0.996163
0.077343
-1.327887
-0.927302
-0.511685
-1.356314
1.321838
0.856184
0.696897
1.679456
-0.836872
-0.630745
-1.211503
0.102650
0.004469
-1.138725
-0.862013
-0.992684
-0.987576
0.861041
-0.360189
-0.380899
-0.424055
0.790217
-0.613256
-1.274743
-0.485244
-1.168854
-0.705661
-0.004969
-1.052118
0.053292
-1.065771
-0.823643
-0.884443
0.969199
1.002110
0.919568
-0.617302
-1.135612
-1.147652
-0.730661
-0.964182
-0.762451
-0.786375
0.744477
0.113754
-1.044388
0.774760
-0.707338
-0.554582
-0.836942
-1.045341
-1.217044
0.001798
-1.092683
-0.576366
-1.329262
1.395098
-0.503350
-0.647057
-0.155128
-0.097794
-1.660666
-0.877607
-1.184134
-0.942970
0.560339
0.880725
-0.957473
1.211740
1.318142
0.336074
1.014590
0.641097
0.875539
1.204973
-1.172639
1.180340
-0.964422
-1.145727
0.280301
-0.293458
-0.572526
1.371232
0.872923
0.616957
0.733143
0.874059
-0.653613
-1.374601
0.506567
0.346291
-0.569529
-0.343243
0.394955
1.313557
0.901308
1.235691
-1.212770
-1.140188
-0.351462
-0.039675
0.080666
1.253495
0.597993
0.222436
-0.709901
-0.334720
-0.546397
-1.096298
0.215348
1.046215
1.043187
0.703470
1.206420
1.269758
-0.985969
-0.956932
-0.748838
-1.002260
-1.316185
0.196762
-1.479775
-1.287611
0.903665
-1.148613
1.106676
-1.491875
-1.256542
-0.903852
1.297093
-1.471954
0.808972
1.494801
1.339250
1.138166
0.861587
0.092918
-0.836532
-0.177894
0.920481
0.678614
0.987711
1.430645
0.866997
-0.568970
-0.349015
-0.670332
0.175769
0.926454
-1.257251
-0.570509
0.784243
1.017447
0.303181
0.653034
-1.068582
-1.224277
0.091634
0.378565
0.323518
-0.513631
0.439334
0.707368
-1.175395
-1.340874
-0.631034
-0.661268
-0.530546
-1.294162
1.226317
1.038333
1.025136
1.375246
0.635355
-1.033271
1.229864
-0.506266
-0.105209
-1.213546
-0.507585
1.169007
1.120434
-0.157355
1.495129
-1.588037
-1.193339
-0.026502
-1.431599
-0.981348
-1.242633
-0.665674
-1.518877
-0.966785
0.023725
0.091002
-0.193845
0.115341
-1.635825
-1.213210
0.002490
0.756956
0.044010
-0.807496
-0.517134
0.403718
-1.222448
-1.005591
-1.053369
-0.518625
-1.498994
0.966772
-0.615929
0.838243
1.016544
1.349816
0.681738
-1.010629
1.150513
1.052367
-1.239304
-0.520851
-0.251572
-1.039966
0.804377
1.275573
1.200775
1.317229
1.141238
-0.208320
0.208933
1.142126
1.032371
1.290987
1.523552
-0.509983
-0.766243
-1.332983
-0.551835
-0.541698
-1.012183
-1.496460
0.896420
0.910058
1.263349
-1.349933
-1.637415
0.900371
0.394210
-0.444850
-1.709216
0.349486
-1.268537
1.347054
1.379280
0.427869
-0.830938
-1.058386
-0.794538
-0.883022
0.201758
0.815595
-0.848170
-0.784693
-1.447509
1.131895
0.798987
0.220237
-1.088414
0.053195
-0.902936
-0.144513
1.470027
0.294997
-0.614247
0.572049
-1.196741
-0.475044
-1.277734
-0.411346
-0.686165
-0.752313
0.942343
0.982689
0.057176
-0.623922
0.822228
-1.367983
-0.053737
0.573334
1.202879
0.577149
0.468003
-0.685988
0.465481
0.465958
0.253361
0.757025
0.352486
0.700033
1.005286
0.543087
-0.275956
-0.864403
-0.983335
0.884804
0.880762
-0.227746
0.113493
-0.384957
0.643176
-1.528116
0.363121
0.996946
0.936339
1.077663
-0.407736
-1.664239
-1.254496
-0.044109
0.682690
1.379007
0.997588
0.449813
1.162080
1.453504
0.724853
0.128783
1.088579
1.157518
-0.007899
-1.198857
-1.402037
0.689293
1.159638
-0.500151
-0.152782
1.229998
-1.354922
0.023660
0.714670
0.226842
-0.755767
-0.241522
1.306586
1.495455
0.844247
0.896810
0.961107
0.987142
1.164105
0.858316
1.207994
1.047153
1.371600
1.328769
0.641937
-0.101441
-1.367403
-1.131217
-0.458666
0.701724
0.721278
-0.929820
-0.341755
-1.079967
0.701126
1.177483
-0.847507
0.033891
-1.170216
0.947664
-0.990544
0.538045
-0.581907
-1.297112
1.381537
0.660968
-0.535382
-0.778546
0.875925
0.443760
1.371795
1.683662
0.781416
0.670998
-1.959582
0.801537
-0.767025
-0.423257
-0.759653
-1.378478
-0.009769
-0.566686
0.317229
1.145415
0.996181
-0.998285
-1.194858
0.977795
0.739533
-1.180953
-1.042883
-0.930599
0.741733
0.617790
0.844685
-1.152997
-1.524847
-0.902079
-0.780801
-1.106974
1.200540
1.095743
0.201718
-1.241183
-0.915248
1.190180
0.378991
1.411945
1.014319
-0.489814
-0.899331
-0.122675
1.125055
0.476286
0.145113
-0.937571
-0.760748
1.185582
1.000584
0.914116
-0.456591
1.334570
-0.498595
1.106928
0.980195
0.947896
1.500486
0.935391
1.144370
-1.453643
-0.623330
-1.067804
0.717857
0.958670
1.011577
0.608165
1.033579
0.494375
-0.597739
-0.812871
-1.263713
-0.660284
-1.149704
-1.702789
0.642571
0.837669
1.296555
-1.536407
-1.414633
-1.266074
-1.174495
-0.032932
0.052579
0.237535
-0.085430
-1.407511
-0.270591
-1.409930
-1.470229
-0.817304
-1.064968
-0.958174
-0.760786
-1.397840
-1.527070
-0.963077
-0.098053
-0.611315
1.385810
-1.023397
-0.598481
1.161070
0.026083
-1.087066
1.786686
0.380761
-0.729256
-0.838448
-0.727532
0.179247
-0.428059
1.066232
1.144977
1.126383
0.686617
1.021629
0.125022
1.442111
1.149051
1.319788
0.334142
-0.062577
0.034466
-1.050455
-0.752203
-0.985550
-0.571670
-1.047443
-0.465685
0.859318
0.619659
-1.190315
1.318748
0.705473
-0.409727
0.351093
1.328886
0.781730
1.194553
-1.029650
-0.097491
-0.958356
-1.032796
0.447915
0.004862
1.106432
1.464915
0.941124
-0.775799
-1.032366
-0.632033
-0.023756
0.348013
0.172052
0.990352
1.080495
-1.154822
-0.644491
0.755320
0.556704
0.430233
0.591762
-0.994508
-0.178354
-0.441874
-1.383285
-0.166899
-0.208547
-0.944812
-0.729759
-0.807989
0.233980
0.749925
-1.262596
-0.663966
-1.042317
-1.338241
-1.538322
-0.457453
-1.225721
-1.089199
1.587968
0.361467
-0.663669
-1.225650
-0.951422
1.164811
-1.373765
-0.885323
-1.140809
1.140476
0.845840
-0.801529
-0.717895
-1.179072
0.676846
-1.036655
-1.057172
1.019031
-1.251137
-0.102162
1.278413
-1.326346
0.743488
-0.088108
-1.484713
-0.759154
-0.420782
0.068676
1.351577
1.230483
0.953064
0.219474
0.767052
-0.968091
-1.235331
-1.020266
0.355136
-1.088661
-1.638428
-0.633723
-0.707668
-1.155917
-0.671527
-0.951402
-1.254227
-0.490326
1.566043
-1.224960
-0.964855
0.420794
-0.518022
1.345667
0.843161
0.717622
0.809457
1.304033
1.129673
-0.407819
-1.272838
-0.938127
-1.528644
-0.902203
1.173403
-1.039865
-0.388271
-1.267004
-1.303130
-0.694108
-0.163213
0.999300
-0.733530
0.299585
-1.339873
-0.997725
-1.078004
-0.527948
0.650337
-1.212781
0.409526
-1.245024
-0.428594
-0.892281
-0.813072
-1.004974
1.360362
0.434928
-1.127487
0.454998
-1.152796
-0.688697
-0.785565
-1.026888
-1.314825
1.336573
-1.160513
-0.330744
1.339288
-1.965395
-1.282405
-1.275840
-1.659373
-1.113350
0.070953
0.704723
0.945282
0.781542
0.641576
-0.837153
-1.511662
-1.085394
0.750560
-1.414936
1.128236
0.361738
-0.679277
-0.890251
-1.063257
-1.233485
-1.486938
0.050999
0.181907
-1.071428
-0.837887
1.453166
-0.186789
0.603838
-1.341547
-0.605591
0.166553
-0.565735
-0.548990
-0.173872
1.245743
-0.025714
1.357861
-0.834246
-0.719780
-0.848296
0.394549
1.486813
0.907557
0.368159
-1.333416
-1.673041
-0.253273
0.604137
1.453905
-1.106331
-1.150344
-0.632190
0.714106
0.718511
-1.247080
-0.317583
-0.746241
1.369430
0.636743
1.085939
-0.622144
1.505132
1.368432
-0.808926
1.416346
1.253452
1.106767
1.295347
1.119325
1.344310
-0.374367
0.374746
-1.020553
-1.549322
-1.004506
-0.469123
1.328392
1.566287
-0.567656
-0.760211
-0.341460
-0.721415
1.235633
1.161532
-0.973537
0.580179
0.812563
1.154570
-0.909438
0.270811
-1.345278
-0.759304
0.655563
1.287241
1.467923
0.523386
-0.141939
-0.079343
-1.565729
-0.123560
1.056359
-0.678831
0.764118
-0.770922
-1.584391
0.205180
-1.283510
-1.410279
-0.960463
-1.522402
-0.966447
-1.392232
0.049810
1.260815
-0.238283
0.977015
-1.003523
-0.549934
0.650622
-0.976859
0.173201
0.238455
-0.690275
0.072064
0.280152
-0.229554
-0.164671
1.554323
0.773133
0.593097
0.422761
0.609428
-0.629799
0.424996
-0.942595
1.088790
1.309518
0.325997
1.097559
1.484494
0.336647
0.810265
1.000374
0.260362
-1.071422
-1.320042
-0.558270
0.074796
1.370033
-1.220405
-0.555286
-1.158539
-0.994252
-0.805033
-1.221928
0.536781
-1.220705
-0.610598
0.671457
0.481913
0.452737
-1.467040
-1.053933
-0.269027
-1.274017
-1.202715
-0.565396
-0.724461
1.593041
-0.590537
-1.059190
-0.070959
0.883735
-1.419846
-1.056526
-1.603544
-0.718718
-1.037284
-1.441260
-0.459769
-0.420947
0.798536
0.376053
-0.445886
0.209703
-0.097650
-0.815666
-1.263973
-0.727468
0.774615
0.777004
1.051848
-1.185837
-1.216595
-0.228608
0.321204
1.567473
1.274187
1.223288
0.918160
-1.106045
0.708283
0.859446
0.106382
0.714913
-0.976657
1.215256
0.738468
1.151193
-1.307486
-0.767701
-0.182562
-1.405285
-0.671472
-0.279256
-0.953502
-1.647530
0.289430
-0.903351
1.291725
1.085748
-1.378952
-0.854597
-1.232795
-0.418578
0.533602
-1.143602
-1.203240
-0.836447
0.825226
0.644955
-0.684907
-0.543509
-1.514137
-0.509803
1.453692
-0.577629
0.984321
1.666114
1.213301
-1.050390
-1.414678
-1.101715
-1.084500
-0.821962
-0.758665
-1.049155
0.412154
0.411034
1.136426
0.610631
0.495100
-0.551564
1.127933
1.369875
1.082302
0.962030
-1.101219
0.027653
-0.879317
0.657645
0.802999
0.867749
-0.474835
-0.279706
-1.040009
-1.376892
-1.466427
-0.323486
0.478249
0.590355
-1.018641
-0.158497
1.110809
1.713395
-0.659370
-1.395722
-0.985356
-0.890024
-0.938582
0.688745
1.337982
1.096589
0.493096
0.195073
-1.568570
-0.106143
-0.778398
-0.331931
-0.977202
-0.517976
-0.834558
-1.594559
0.878804
-0.369201
0.696446
1.197408
0.435767
0.112380
0.739315
1.550579
0.026921
0.598259
-0.993601
-1.277542
-1.020642
0.741791
0.147844
0.912325
1.204640
-1.352843
-0.909272
-0.614887
-1.455364
-0.645162
-1.433675
-0.685033
-0.992752
-0.681706
0.381824
-0.646126
-0.348587
-0.774143
-1.804911
0.667313
0.973949
0.116007
0.423807
0.442553
1.009390
0.047245
-0.510679
-0.988037
-1.056992
1.059137
-1.067900
-1.154306
1.016166
1.410591
0.958938
0.636082
1.590793
0.043642
-0.123993
-0.767255
-1.102435
-0.508207
-1.176398
-0.788909
0.650134
0.341661
0.097012
-1.162702
0.572504
-0.108729
0.784771
0.788689
1.285245
0.941841
0.577505
-0.001766
-0.844741
-0.257626
0.755709
-0.523348
-0.529941
0.824469
0.614153
1.703175
0.998364
0.286768
0.068721
0.671524
1.018573
-1.369088
0.927106
0.809534
-0.466716
0.078877
-1.000900
-1.052245
1.015258
0.513617
0.109083
-0.136941
-1.025071
-1.494606
-1.080587
0.390996
-1.274886
-0.560579
-1.354059
-1.073565
-1.263967
0.344544
0.450649
0.562382
-0.595186
-0.471270
0.323359
0.828000
1.237683
0.777448
1.261529
0.457381
-0.936465
0.525574
-1.270290
-1.554516
0.041168
1.025980
0.672517
1.232434
-1.230479
-1.260816
0.210623
0.845836
-1.155488
-0.618286
0.071694
-0.798084
-1.580275
-0.427585
-0.660964
0.917440
1.491652
0.585846
0.488789
-1.693615
-1.290415
-0.113249
0.191230
-0.421006
-0.799256
-0.923590
-1.225186
-0.946217
0.226353
-0.978121
-1.330038
-0.386789
1.261631
-0.389399
0.213915
-0.833213
1.136698
0.886031
0.810140
-0.327937
-0.079595
1.321050
0.290447
-0.003370
0.304420
-0.885090
0.930910
0.842484
-0.123691
0.275660
0.504403
0.885290
-0.448001
-0.420855
1.180005
0.862248
1.397655
0.707534
0.444539
-1.141638
0.297947
0.951233
0.999094
0.906630
1.333280
-0.945919
-0.930246
-1.175972
0.509519
0.357992
0.143619
0.599018
-1.463598
1.300993
-0.514863
-0.406659
-1.498644
1.353524
0.671160
1.339106
1.533450
0.374586
0.149529
-0.793147
-0.835248
-1.302949
1.193051
-1.128689
-1.183205
0.581200
-0.537358
0.773982
0.775703
1.590256
-1.308805
-1.437376
-1.068526
0.827585
0.657752
0.502464
-1.518366
-0.726065
0.787346
-1.352905
0.978121
-0.770630
-0.441040
-1.410034
-1.365371
-0.674703
1.333957
0.836980
-1.027518
-1.062816
-0.262122
-0.010146
0.671267
-0.428872
-1.018496
-0.047280
0.725279
-1.360838
0.909282
0.507888
0.771382
-1.302667
-0.181941
-1.431288
-0.615864
1.076727
-0.502584
1.480049
1.150561
0.001041
0.203449
-1.039176
-1.144360
1.423495
1.284996
0.144474
-1.188548
0.467013
1.226804
1.147463
-0.926129
-0.912043
-1.210973
-1.481329
0.066550
-0.183958
1.069433
1.368121
0.752616
-1.326405
-1.106943
0.906022
1.134330
-0.842197
1.016001
-0.056276
0.847377
0.571452
-0.772766
1.024527
0.584253
0.613630
0.467197
0.462989
-0.228482
-1.446444
1.039909
1.662098
-0.697650
-1.391799
-0.818974
-1.040767
0.310471
-0.641697
1.333527
1.133794
1.026900
0.801141
0.402087
0.226566
-0.695051
0.899341
-0.092034
0.456440
-1.273680
-0.677152
-0.887442
0.960592
0.630240
-0.807449
0.238685
-1.619409
-1.246987
1.133236
1.517733
0.488714
0.636094
0.298889
-1.317765
-0.066791
0.725515
0.294608
1.036178
0.417674
-0.016047
-0.495580
1.420470
1.517892
1.409813
0.461224
-1.296998
1.206099
0.599924
0.538199
1.465282
0.873047
0.642365
-1.342694
-1.246285
0.881173
-0.049373
-0.048771
0.422370
1.106540
-0.914404
-1.282017
1.396887
0.810901
0.853878
1.163593
-0.570955
0.998202
0.311559
-0.070532
1.127209
0.892232
0.054312
-0.276266
0.848705
1.183456
0.820842
0.677411
-0.384919
-1.099974
-0.158908
-0.924555
-0.815989
1.079753
-0.440226
-0.422520
-0.354038
-0.742434
-1.293362
-0.967859
-1.096998
1.300610
1.351691
-1.140411
-0.798733
-0.246973
-1.408535
-0.513009
-1.499514
-1.152135
0.168132
-0.847327
0.559140
-1.240990
-1.329321
-1.441357
0.320292
-0.949875
-1.037745
-1.155943
-0.830016
-0.764948
-0.221917
0.535265
-0.472649
-0.579300
-0.271593
1.386658
0.659329
-1.523154
-0.487973
-1.057606
-1.408148
-0.599629
-0.715906
-0.420233
1.034880
-1.029879
-0.907603
-0.974206
-1.421885
1.212466
0.620769
0.625179
1.232400
0.822026
0.629815
-0.732479
-1.403770
-1.111514
-1.070668
-0.250853
-1.572383
-1.452304
-0.189789
-1.110184
-1.226248
-0.297645
0.378843
0.660333
1.254506
-0.742276
0.791200
0.535137
0.578021
1.218262
-1.144669
-0.988488
-1.238129
-1.156448
-0.925889
-0.692923
0.773541
0.938100
0.428143
0.197262
-1.191050
0.882800
1.236680
1.099909
0.319744
-0.573222
-1.088858
0.092141
0.865251
0.066682
-0.019377
1.070850
0.441646
-1.415162
-1.383345
0.405384
1.172978
0.432996
0.878301
1.421473
-0.891730
-1.367270
-1.163396
-0.404101
-0.574266
0.187243
-0.847563
-1.065090
1.041626
0.997790
1.127462
1.114672
-1.388795
0.788977
0.935981
1.081452
-0.098756
0.699660
0.912623
-0.008491
0.924630
0.465213
0.494232
1.413119
0.383637
0.341311
0.252567
-1.480784
-0.698831
-1.034281
-1.395953
-0.780976
-0.772948
-1.127774
-1.228765
-1.213253
-0.699844
-0.516693
0.746339
-1.464487
-1.263854
0.380305
0.831669
-0.293258
-0.112796
1.210177
0.641232
1.223835
-0.504647
-0.702252
-0.685281
-0.868935
-0.953681
1.376909
1.048398
1.148765
-1.061187
-1.100601
-1.700232
-0.666602
1.278502
1.471490
1.740382
-1.010755
-0.983679
1.204033
0.186668
-1.248760
0.421376
0.159530
-1.621023
1.598554
-1.280329
-1.164103
-0.999031
-1.041629
-1.365971
1.018802
-0.064204
0.555162
-0.464058
-1.383891
-0.963497
-1.026913
-0.436319
1.260614
0.792248
0.043712
1.217017
-0.040192
-0.632017
-1.089636
-0.731664
-0.420312
-0.368611
1.440301
0.507993
-0.661441
0.719133
-0.855120
-0.046328
-0.440816
-0.655095
0.150269
1.260718
0.691776
1.572183
0.641099
0.810523
1.063395
0.656805
-0.029242
1.834957
0.884164
0.802733
-0.672980
-1.102973
1.305817
-1.001218
-0.092213
0.259111
-1.413986
-1.696201
-0.356462
-0.734083
-1.001552
-0.680585
0.895152
1.359766
-0.280976
-0.646721
0.064875
-0.279419
0.185746
0.448249
0.091310
-1.595938
-1.001645
-0.206046
0.432138
1.369914
1.479184
0.954018
-1.314035
-1.217594
-0.295157
-1.765145
-0.742471
-0.283889
0.916348
0.444443
0.511929
1.225036
0.717474
-1.347841
-0.854007
0.000280
1.234562
-0.687453
-1.355012
-1.277894
-1.468922
-0.148302
1.385546
0.535150
-0.985580
1.061430
0.354591
-0.080343
0.344531
1.008198
1.025359
-0.628212
-1.697357
-0.120599
-0.020072
0.313738
-0.258755
-0.129363
-1.080846
0.340048
-0.941435
-1.255095
1.838259
0.712909
-1.181466
-0.154746
-1.049841
0.815753
0.363565
-1.062528
0.842055
1.222255
1.248180
-1.256207
0.576268
0.516736
0.571186
1.042955
0.405883
1.009858
0.557739
0.427354
1.300199
0.713193
0.916458
0.253056
-0.651322
-0.378077
-0.320155
0.842637
-0.582516
-0.942089
0.509762
1.269950
-0.777043
-0.345917
-1.286650
-0.639764
0.697962
1.251548
-0.936220
-0.452256
1.062071
1.044660
-0.123645
-0.986047
-0.765075
0.952604
-1.044671
0.323742
-1.092360
-1.506593
-1.088664
-0.374902
-0.666289
0.892060
-0.990622
-0.274526
0.665758
0.893017
0.895744
-0.274790
1.061980
-0.105995
-0.878019
-0.850033
1.266091
1.190814
0.624808
1.533842
-0.660163
1.715916
0.341545
0.155289
-0.554316
0.816775
1.037776
0.732414
-1.052148
-1.589058
-1.144304
-0.219266
1.304079
-0.320076
1.022679
1.392400
0.806894
0.466204
-0.568097
-0.298256
-1.143946
0.547077
-1.428813
-1.209969
0.057855
0.354834
-1.532628
0.691755
0.795014
-1.308155
0.367033
1.302195
0.971730
0.624718
0.955237
1.278532
1.156718
0.477234
0.321033
-1.022278
-1.105706
-0.937823
-0.822072
-0.385511
1.623695
0.570447
-1.236187
-1.500022
-0.778036
1.380060
1.439764
-1.566517
-1.231726
0.788744
0.895112
0.091947
0.274601
0.512732
-1.529736
-0.405757
-1.245075
1.707357
-0.652147
-1.415564
-0.139300
-1.120297
0.441421
-0.442232
1.460698
-0.992106
-0.614765
-0.786211
-1.255848
-1.016630
1.172876
0.525186
1.038833
0.346386
0.819805
1.107323
0.292562
0.737183
-0.169220
-0.188650
0.275770
-0.743658
-1.144804
-0.371540
0.127005
-1.031454
-1.124908
-0.703999
-0.922381
0.726114
-0.237179
0.188883
1.700548
0.481319
0.591258
1.199059
-0.099462
0.950298
0.289525
-1.399656
-0.717317
1.020210
0.509493
1.212294
-0.973394
-1.278788
-0.063258
0.285680
1.057560
0.719096
1.323339
1.248399
0.972662
0.300048
1.084632
1.083594
-0.561016
0.196037
-0.410893
-0.759241
-0.410344
-1.244854
-1.567178
-0.274081
0.973577
0.698510
0.313552
0.841693
-0.657152
1.199258
0.752671
1.037756
1.079519
0.460293
1.364633
0.925248
-1.042011
-1.317340
-1.025731
-0.681957
-1.259911
-1.462617
0.743232
-0.498526
0.013048
-0.999070
-0.848876
0.053930
0.213773
0.748705
0.946708
0.919285
0.542586
-0.855864
1.100318
0.281377
-0.481940
1.066593
-0.578040
-0.917225
-0.736493
-0.221770
-1.158499
1.083753
-0.477122
-1.199074
-1.263608
-0.867148
-0.776414
-0.566754
1.422434
0.977796
1.126986
1.063953
-0.147812
-0.896969
-0.832184
-1.323614
1.020894
0.952359
1.418423
0.128640
0.191384
0.199781
-0.685392
-1.389215
-0.496059
-0.449537
-0.011466
0.979849
1.480734
1.229327
0.444314
-1.016310
-0.853790
0.740075
-0.242625
-0.911219
-1.291925
0.399066
-1.063050
1.002820
0.369186
1.149294
0.796151
0.308688
0.444845
-0.900356
-1.303420
0.535074
1.233675
1.468467
1.610895
0.480872
0.308192
0.718854
0.742995
-1.226875
0.767917
0.827087
-1.123991
0.160386
-1.357969
-0.796243
-1.044958
-1.337210
-0.200948
-0.434335
-0.453232
-0.855455
-0.891703
1.089837
0.394203
-1.135987
0.525077
-0.719833
0.649036
1.330549
0.918549
-1.355003
1.125650
-0.633673
-0.135578
0.107871
0.805563
0.823191
0.828166
0.516106
0.448734
-1.283297
1.241832
0.673101
-0.681435
0.033420
-0.405311
0.775426
-1.148881
-0.865353
-1.587196
0.313282
-1.080529
-0.808456
1.098298
0.741340
0.513161
0.860719
0.092850
1.093872
-0.182605
-0.132903
-0.661762
-0.377862
-1.006910
0.291830
-1.113236
-0.588364
-0.396824
1.161208
-1.052759
0.375323
0.135515
-0.730579
-0.703494
-0.216027
0.370489
-0.243326
0.570051
0.375569
-1.104190
-0.944766
-1.341033
-0.668728
-1.269924
-1.232834
-1.552093
0.002771
0.142177
0.966749
0.489532
0.519517
0.855646
1.297665
-0.900785
1.388262
0.883492
0.097791
-1.149304
-0.569315
-1.409017
-1.019264
1.317178
-0.213939
-1.530536
0.412948
0.131074
0.629010
0.886481
0.947991
-0.419732
-1.380961
-0.440128
0.926212
0.929346
-0.648079
-1.303566
1.127440
-0.663530
-0.062940
-0.984566
-0.744773
0.078132
-0.327147
0.734684
1.127175
-0.002792
0.090932
0.504305
-0.970949
1.154881
1.019176
-0.850756
1.063550
0.973149
-0.713440
-1.248342
-0.896967
-0.913482
1.106559
0.561543
1.301024
1.093761
0.576575
-0.856084
-1.138559
-1.466737
-0.556201
-0.867764
-0.306805
0.449508
0.777543
-0.570871
-0.296657
0.780311
-0.610079
-0.786009
-0.136142
0.939126
1.089676
-0.793295
-0.667700
-1.118015
-1.041668
-0.481535
0.205572
0.844566
-1.412684
-1.008120
1.118907
-0.965054
-0.437638
-0.180681
-0.853597
1.047652
0.401005
0.517481
1.014605
0.949031
0.704930
-0.852754
-0.182404
-0.934062
-0.452722
0.653112
-0.984931
-0.542234
-0.448128
-0.730621
-1.469811
-1.200278
-1.085706
-1.061202
-1.059789
-1.359260
1.108706
-1.519724
-0.950832
1.360290
1.498217
-0.800916
-1.141894
-0.542102
1.533991
0.576876
-0.867933
-1.595664
0.382824
1.031157
0.983817
0.786993
1.743465
0.809545
-1.345362
-0.200046
-1.077472
-0.336466
-0.330243
1.411022
1.001390
0.176163
-0.239551
1.023225
-0.764972
0.725451
-1.297267
1.140800
-0.765956
-0.590508
-1.115558
-1.458106
-0.378367
1.088766
0.852394
0.383828
0.741129
0.401601
1.790412
-0.346666
1.250856
0.398744
0.014672
-0.440279
0.262739
-1.032860
-1.119469
1.403298
-1.588094
-1.135095
0.581940
0.883206
1.219946
1.604073
0.451542
-0.601072
1.112720
-1.219033
-0.737086
0.940901
-1.250800
0.127490
-0.836823
-1.048167
-0.791667
-1.324397
1.053764
0.447294
-0.649042
1.184157
-0.532102
-0.876536
0.376116
1.123649
1.358127
1.220004
0.857253
-0.937936
-0.786725
0.882232
-1.255691
-0.867640
-0.694467
-1.288746
0.259622
1.360046
0.916560
-1.079475
-0.682856
-0.191204
-1.275578
0.543752
-1.137016
-0.722090
0.413795
1.483212
0.852779
0.562083
0.567500
0.636422
0.856050
0.360789
0.244519
1.306496
1.470578
-0.424460
0.025051
0.663146
-1.612431
-0.758061
-1.137724
1.043209
1.107226
1.064591
-0.290982
-1.151422
0.815541
-1.499677
-1.060109
-1.005940
-1.378794
0.324239
-1.040631
-0.777985
-1.299540
0.112461
0.850344
0.676875
0.870974
0.945190
1.252865
1.362307
0.436046
0.357961
0.507345
0.753126
-0.223031
-0.845375
0.652969
0.887693
1.272172
1.147178
0.899881
-0.854853
-0.935070
-0.946171
-0.903839
-0.409006
-1.315289
1.344801
1.441043
0.494251
-0.802587
-1.125168
-1.134179
-0.470318
0.540744
0.954877
-0.849568
0.649399
-0.156356
0.990859
0.777550
-1.002783
-0.895655
0.381485
-0.828806
1.382579
-0.450249
-0.581316
1.313125
-0.146096
1.299690
0.762745
0.927773
1.035368
0.711301
-1.083330
0.219107
0.935181
-1.541171
-0.923117
0.830171
1.567051
0.443178
-1.017368
0.985654
-1.264094
-0.425802
1.103302
1.011174
-1.475256
1.561429
0.713795
-0.347481
-0.156888
0.067694
-0.063613
-1.004297
-0.869640
-0.398840
-0.545749
1.354042
-1.162544
-0.047985
-1.363756
-0.451951
-1.167019
-1.253473
-1.342185
-1.186025
0.157978
0.950180
0.281968
-1.002825
0.915506
-1.093196
-1.242975
-1.388394
1.376370
1.223660
0.131051
0.711159
0.468433
-0.819170
0.655892
-1.247800
-0.001125
0.577161
0.817438
-0.765669
-1.120111
1.008899
1.151148
-1.293015
-0.445023
-0.954981
1.108604
1.270640
1.416613
1.497892
1.673953
-0.942478
1.075241
-0.571408
1.578676
0.656251
0.617069
-1.067349
-1.142549
1.339580
0.502024
1.038598
-0.641568
-1.345808
1.425346
0.949360
0.602287
1.396769
0.518199
1.077975
-0.360976
-0.605442
-0.022414
0.499530
1.168986
0.130388
-1.290856
-1.384453
0.349858
0.794430
0.342585
0.522026
1.132350
0.510201
1.176463
0.993969
0.464239
0.269434
-0.277030
1.322805
-1.316816
-0.517062
-1.601807
0.260280
-0.762922
0.587583
1.155507
-0.377745
-1.236053
-0.894297
-0.191363
-0.977737
-0.583458
0.166373
0.902347
1.129311
0.763492
1.277486
0.423919
-1.078004
-0.385641
0.362165
-0.673838
-0.342565
-0.384223
-0.242536
-0.697760
0.681883
1.179774
0.784314
1.525356
1.337072
1.200221
-1.253621
-1.602242
-0.802327
1.150294
0.766280
0.233799
0.984019
1.484161
1.444287
-0.626891
-1.159189
1.065547
0.669918
1.455618
1.334168
0.273458
0.409628
0.606091
-0.932145
0.845978
0.851167
1.069970
0.208713
-1.178266
-0.146649
-0.405132
-0.807786
-1.179208
-1.498871
-0.099256
0.016435
0.686055
1.181807
1.709975
0.828683
-0.388246
0.825919
1.499953
1.159640
0.798196
-1.242826
0.108902
1.186172
-0.290540
-0.296302
-0.987370
-0.849551
-0.997470
-0.972247
-0.998010
-0.356497
-0.990202
-1.449462
-1.255128
-1.002026
-1.383379
-1.473663
1.069549
0.440980
-0.428623
-0.615789
-1.390683
1.290059
0.968483
-0.117735
0.268161
-0.717170
0.551316
0.719048
1.153090
-1.123084
1.364946
1.274381
-0.165360
-1.035880
-1.524309
0.079540
-0.537508
1.528868
0.970956
1.133679
0.690779
-1.668047
-1.322790
-0.517745
-1.104597
0.008142
-1.209074
0.844323
1.447932
1.483930
-1.076107
-1.518148
0.177979
0.943823
-0.020339
1.091414
0.230705
1.149206
-0.890931
0.546283
0.903344
1.078709
-0.402578
-0.119277
-1.176940
-0.904115
-0.853504
0.021219
0.835051
1.319283
1.215205
1.111404
-0.235118
0.727408
-0.643581
-0.623799
0.839341
0.668897
-0.735076
-1.286333
0.437791
-0.923493
1.533623
0.422697
1.042636
-0.713999
-0.914845
1.250329
-0.670737
-0.840956
1.353623
1.462216
1.027110
0.985768
0.324019
0.414607
-0.975233
1.169648
0.755274
-1.095025
-1.293235
0.816689
1.068021
0.560182
0.981291
0.941950
-1.478796
-0.589912
0.595900
-1.072128
-1.023330
-1.409940
-1.196909
0.084038
-1.350354
0.236237
0.709321
0.292730
0.421198
-0.542894
0.268110
0.610478
-0.194810
-0.091222
1.014153
-1.057530
1.038860
1.007606
0.379529
-0.134741
0.760574
1.158958
-0.678701
0.373107
0.653249
0.705689
-1.163043
-0.947486
0.916150
-0.073355
1.464758
0.792174
1.237456
0.535217
0.763113
0.211705
1.380254
-1.012423
-1.216471
-1.002074
-0.396667
-0.775266
-1.131272
-0.356276
1.048006
1.349220
1.036255
-1.228555
-0.870145
-0.871744
-1.595810
0.891194
-1.336597
-1.253342
1.394859
1.235958
-1.452548
-1.031611
-0.458441
-0.561783
0.675307
1.475763
-0.747964
-0.561030
-0.754052
-0.300266
0.496894
0.598474
0.954753
0.721118
1.255851
-1.055205
0.190757
-0.199075
-0.496301
-0.698107
1.120400
1.112849
0.239350
-1.058478
-0.886309
0.635948
0.622712
0.490810
1.110575
0.682110
0.449415
0.405022
0.272150
0.845573
1.319610
0.166540
1.169540
1.303001
0.652319
-0.407913
1.154090
-0.551871
-0.055211
-1.128740
-0.370923
-0.237520
1.607306
0.919317
1.443350
-0.810163
-0.986074
0.212985
-1.030805
-1.311740
0.421302
0.721542
-0.370379
-1.086291
-1.065887
-0.750301
0.812729
0.954966
-0.187924
1.315348
0.907666
-0.559047
0.561784
0.812957
1.523078
0.253134
0.839162
0.325645
0.261059
1.546394
1.067235
0.930701
0.036243
0.606261
0.718088
1.372466
0.796729
0.944509
1.100076
-1.146927
-0.656757
0.325121
-1.061959
0.664802
-1.038879
-0.241539
1.158274
-1.147921
-1.093730
-0.562759
-0.279273
0.862141
1.240499
0.268597
-1.297005
-0.247264
0.775832
0.968827
0.216879
0.952145
-1.100046
0.940209
1.210052
-0.865037
-1.230388
-1.147256
-0.677214
1.221781
1.104396
1.078804
-0.531582
-0.791852
-0.997738
0.722781
0.594165
-0.829048
-1.551328
-1.214860
0.808251
0.345748
-0.590258
-0.609416
0.400288
0.926189
1.605566
-0.579272
-1.259726
-1.607219
-0.977589
0.903064
-0.540278
0.074707
-1.317622
1.172340
1.246165
-0.741902
-0.942836
0.117969
-0.478379
-0.510424
1.170374
0.793738
0.956988
1.182333
-0.055812
0.573296
-0.787134
-0.458755
-1.105619
-1.403139
0.941870
0.631444
1.407730
-1.090535
-0.665447
0.080848
-0.591192
-1.256379
-0.844542
0.506508
-0.705070
-0.165910
-1.571165
-0.048658
-0.967555
-0.409182
0.306302
-1.233769
0.265157
0.671337
1.050814
0.328075
-1.599178
-1.190760
-1.181820
-1.452072
-0.805297
0.100532
0.857434
1.126049
-0.055736
0.705643
0.268376
-0.601271
-0.715807
-2.082714
-1.117070
-0.734406
-0.766792
-1.016906
-0.961323
-1.117244
-1.040237
-1.055729
-1.396553
0.381547
-0.510762
-0.957153
-0.865446
-0.214163
0.761016
-1.155980
-0.843332
-1.311454
1.687346
0.513668
-0.959297
1.379129
-0.958317
-1.319737
0.024716
0.730829
1.164075
1.072045
-0.418810
1.096416
0.953955
1.728817
1.296661
0.548094
0.787168
0.498704
1.036612
-1.485772
0.520939
0.767004
0.460607
0.967334
0.968529
-0.369705
0.558206
1.279732
0.471274
-1.213998
0.671465
0.502441
-0.191579
0.874499
1.289437
-0.497638
-0.817281
-0.268243
-1.182047
-0.846235
0.210187
0.773322
1.402220
1.749669
1.625006
0.999695
0.364705
0.929001
0.020165
-0.460517
0.908001
0.737882
0.677626
-0.356130
-0.043404
1.266661
0.650739
0.324664
-0.498098
-0.830432
1.323020
0.482352
1.020467
0.848727
-0.247302
-1.409439
1.318779
0.880665
0.865916
0.947128
0.530160
-0.520986
0.902815
1.197773
-1.216995
-1.166679
-0.115336
-0.716633
0.220437
0.868284
-0.683712
1.139089
0.044384
-1.198215
-0.473230
-0.919528
-0.748578
0.286337
-1.049716
-0.604006
-0.580590
0.910656
-1.114337
-1.320046
0.467674
-0.743093
0.486712
-1.002505
-0.604566
-0.520606
1.457150
0.469024
-0.664522
0.283933
1.276275
0.798134
-0.969315
0.835237
-0.848549
-1.095239
-1.405155
0.934990
1.635725
0.904220
0.222953
0.869691
1.549410
1.564665
0.423731
-1.556863
0.599703
0.849165
0.680742
-1.601234
-0.486000
-0.878032
-0.384104
-1.003906
-1.231959
-1.214535
0.325278
-1.213244
-1.611716
-0.803352
0.937119
-0.978804
-1.221346
-0.466689
0.991461
0.655603
1.172152
0.767102
-1.151039
-0.298608
0.590283
1.450991
0.932013
1.234553
0.562102
-1.234853
-0.570340
-0.895930
-1.108357
-1.443520
-0.278444
0.217809
-1.458084
-1.783604
-1.228494
-0.699090
1.593587
1.126889
0.522570
-0.891697
-0.656381
-0.175722
1.240708
-0.419628
0.803346
0.875313
-0.707639
-1.221798
0.712627
1.181705
-1.395950
-0.763675
0.712323
-0.354602
-1.073094
-1.183668
0.202666
-1.197141
-1.621845
-1.450787
-1.508423
-1.387637
0.119695
-0.778859
-0.681644
0.275478
0.612546
0.506475
-0.810123
-0.058071
0.585770
0.098005
0.769002
1.431028
-1.164760
-1.778078
-1.296197
0.869552
0.650980
-0.424317
0.523023
0.549733
0.590975
0.068748
0.790494
-0.540096
-0.509051
0.585783
0.983820
-0.161417
-0.151737
-1.278048
-1.414250
-1.194258
-0.604055
0.145147
-0.910938
-0.648070
-1.200972
-1.240603
-1.095040
0.666444
1.355125
0.208431
-1.111450
-0.930069
-0.441999
-0.761155
-1.282987
-0.866107
-0.567707
-1.157836
-0.949437
-0.995486
1.123198
0.397325
-0.083932
-0.462593
-0.249080
0.826249
-0.323652
1.188104
0.338176
0.534714
1.485879
0.377086
1.160421
1.345537
-0.593693
0.024500
-1.130647
-1.013968
-1.050156
-1.225456
-0.973375
-1.600498
-1.558325
-0.447346
-0.968541
-0.713907
-0.857624
0.439502
-0.062590
0.764163
-1.042820
-1.505570
-1.111034
-1.128005
-0.584474
-0.639403
1.404917
0.777627
-0.159870
-0.990534
-1.203329
-0.585172
-1.438689
0.396368
1.409738
0.959448
1.165490
1.101095
0.848994
0.948996
0.223639
1.612213
1.743805
0.839783
0.825637
1.237609
1.468809
-0.688852
0.258296
0.846731
1.771926
0.971857
0.614756
-0.288800
-0.837186
1.219610
0.518491
1.057481
1.318339
1.731783
-0.110325
-0.722469
-1.524983
-1.004675
0.887415
-0.266055
1.122540
-1.118660
-0.802764
-0.918101
-0.531127
-0.713550
1.291335
1.110443
0.700786
0.651948
1.207895
-0.691323
-0.041504
1.085591
1.107092
0.468033
1.239094
0.528879
1.561183
0.391811
0.444872
0.424306
-0.812646
1.166913
0.787279
0.008344
-1.074490
0.164526
1.072443
1.163436
0.719957
-0.011155
0.910910
0.697539
1.356914
0.736883
-0.361833
-0.230490
0.897178
1.179411
1.071914
-1.431060
0.324836
-0.519851
-1.589921
-1.550804
-1.197984
1.433564
0.625382
0.792013
0.745457
0.877089
0.946867
0.289836
1.312294
-0.763511
-1.217811
-0.389841
1.405592
1.363927
0.498987
-0.393903
-1.069706
0.380847
0.557259
1.241372
0.039948
-1.488424
-1.281330
0.302602
1.079031
-0.800766
0.669368
1.235312
0.573103
0.887315
0.902211
0.821478
0.737845
1.366757
-0.551782
0.579689
1.410449
-1.733331
-0.656323
0.869283
1.155526
-0.466625
-1.130717
-1.673564
-1.047464
-1.202369
-0.339677
-1.238589
1.243461
1.389253
-0.378611
1.167783
1.510522
1.102017
-0.533859
-1.033693
-1.519000
-1.120225
-0.992774
-1.454180
0.092763
-0.930465
-1.548337
-1.563265
-0.988778
1.160088
-1.136206
0.423455
-1.298816
-1.276595
0.032907
-1.354221
-0.032435
-1.425286
0.948222
0.254289
1.169414
0.999453
-1.094046
0.900806
-0.583655
-1.744679
0.988843
0.969592
-0.151481
0.806703
0.774715
-1.102118
1.074007
-1.166046
-0.774099
-0.669698
0.851744
-0.129668
-1.327571
0.536372
-0.476838
0.943698
1.494788
1.362924
-1.349981
-0.734955
0.583541
-0.598683
0.836941
0.643225
1.317329
1.043800
0.093032
1.190937
0.371874
0.568087
0.120221
0.578409
0.015244
-1.127649
1.415879
1.083587
0.503857
-1.062329
0.192966
-0.217286
1.094898
0.225232
1.031445
1.007572
1.055627
-0.168467
-0.329021
0.376289
0.302535
-1.615363
0.502834
0.773003
1.319653
-0.888632
0.674006
-0.537624
-0.148688
-0.153124
0.652668
-0.657803
-0.704173
1.446238
0.722861
0.627345
0.188869
-0.601109
-0.821076
-1.023065
-1.242215
1.018564
0.677832
-0.494960
-0.404308
0.807701
-0.904021
-1.022910
1.356666
0.554756
0.891974
0.311954
0.949565
1.004547
0.799616
0.714897
0.933820
1.264190
0.634627
-0.198471
-0.876962
-0.594300
0.405087
0.760232
0.842582
-1.059858
0.466045
1.049433
0.823831
0.199423
1.353045
-0.195337
0.470297
0.249307
1.337253
1.204435
0.846209
1.250388
-0.042305
1.129125
0.708985
0.837482
-0.468866
1.094637
1.170863
1.196312
0.669092
-1.064611
-1.131109
0.757629
-0.995448
-0.052158
-0.592688
0.311273
1.276164
-1.250235
1.225826
1.121033
-0.821693
1.325683
1.040352
-0.914441
-0.851480
-1.134909
-1.512906
-0.381369
0.805801
0.891001
0.826316
0.493758
1.177823
0.209248
-0.722384
-0.431415
0.438053
1.509182
1.126096
1.310750
0.744559
1.071688
-0.665792
-1.195696
1.310644
0.554086
-1.549602
0.829743
-0.343375
0.629493
-1.206027
1.258853
0.935817
-1.322231
1.387195
0.536378
-0.743845
-1.681106
-0.565580
-1.042861
-1.457620
-0.851171
1.168345
0.980110
0.879272
1.329110
-1.043780
-1.600010
-0.636907
-1.441446
-0.486502
-0.526358
-1.118471
-1.149859
-0.146691
-0.409269
-0.831738
-0.543778
0.642730
0.651466
1.517911
0.844502
-1.066390
-0.617956
-0.226866
0.993838
1.095457
-0.549791
-1.175601
1.270391
-0.872829
0.596941
-0.409979
0.956030
-0.479528
-0.562218
-1.622445
0.995767
0.398797
1.273053
1.077357
1.181434
-0.724224
0.525226
0.636772
-0.809167
-1.043609
0.382415
-0.997633
1.568139
0.699005
0.527644
-1.111780
-0.832618
0.984549
0.321537
0.432778
0.254147
0.175257
-1.200787
0.523104
0.620321
0.326831
0.377170
1.173963
1.132065
-1.162375
-1.131238
-0.631552
1.232090
-0.304865
-0.607225
-0.840526
-1.131351
-0.129568
0.828896
-0.176931
0.817727
-0.153565
1.220776
0.330655
1.066606
0.984334
1.003203
0.745622
1.301440
1.184362
-1.025731
0.333428
0.865471
0.158633
0.581619
-0.893034
-0.199110
-0.966861
-0.835269
-0.831103
-0.468627
0.955257
1.251313
-1.226246
-1.479429
-1.399466
-0.923233
-1.085623
-0.288924
-1.108284
0.499258
-0.774147
-0.034922
0.624221
1.088028
-0.178110
-0.395699
0.248085
-0.827718
1.085573
1.252978
-1.200168
-1.201955
0.812391
-1.331453
-0.616700
-0.080229
-0.808354
-0.689560
0.981205
0.065620
0.239023
0.097481
-1.294869
1.303318
-0.718550
-0.832988
-0.561006
-0.770409
-1.600894
-1.732840
1.041615
-1.010184
-1.639420
-1.210565
-0.593304
-1.070475
-0.964128
-1.350643
1.360678
0.608901
0.379674
-0.981390
-1.399931
0.380841
1.438607
1.203675
0.528066
-0.339900
-1.423084
-0.609781
-0.329365
-1.521033
-1.286026
-0.802109
-1.205097
-0.151634
0.779006
1.131936
1.097228
-0.458134
-0.291278
-1.642316
0.859483
0.986238
-0.455122
-0.514696
0.762194
0.853479
0.476170
-0.679373
-1.074932
-0.906844
-1.141875
0.416836
1.218611
1.242983
0.632159
-0.316739
0.935103
1.747915
0.859745
0.912496
1.274988
-0.642915
0.857292
-0.689192
-0.634476
-1.154806
-0.613957
-1.188966
-0.677536
0.186906
0.524660
-0.603034
-0.311614
1.122941
-0.168965
1.385767
-1.180747
-0.637505
-0.345268
-1.248106
-0.621743
1.208829
1.078124
-1.193553
-1.336715
-0.089478
-1.013580
-1.079326
-1.040005
-1.239776
-0.922984
-1.058468
-0.123382
0.433902
1.246813
0.278127
-0.495072
-1.008814
-0.373710
0.448789
0.625050
0.827577
-0.551111
1.496831
-1.092298
0.102513
0.842929
-0.696976
0.834165
0.390267
-0.375769
-0.751413
-0.045808
1.639454
1.306639
0.603499
0.485768
0.790265
-1.047901
-1.450015
-0.575327
1.678379
-1.148950
1.431454
0.486080
-0.260946
0.508583
0.661991
-1.380254
1.661130
1.714106
-0.998293
-0.932724
-0.696015
-0.036015
-0.544415
-1.443496
-0.950948
0.975876
0.109359
1.065248
0.685022
0.659389
-1.173844
-1.185927
-0.428574
-1.208070
-0.488971
-1.089605
-1.115056
-0.928851
-0.777065
-1.229476
-1.613658
1.176936
1.028071
0.477716
0.702276
1.537718
0.516018
-1.076729
0.762694
0.950265
-0.751571
0.368490
1.024947
-1.214057
-0.334232
0.482149
-0.760544
-1.539471
-0.759335
-0.878713
-1.340943
0.096208
0.366888
-0.673238
1.140859
-1.130950
-0.647287
-0.818914
-1.226549
1.010777
0.626992
-0.927299
-0.370012
-1.207976
0.176904
1.129867
0.983077
-0.336867
-0.624354
-0.981857
-0.884283
-0.241316
-0.501723
-0.196418
-0.834621
-1.482778
-1.117312
-0.608740
0.986936
0.952831
0.135775
0.045051
1.350421
0.040346
-0.780568
-0.722596
1.359580
1.283958
-1.439895
-1.276584
-0.943263
-0.764694
1.166920
1.049737
0.864902
1.173728
1.503511
1.136375
-0.342232
0.582706
-1.055661
0.836462
0.790148
-0.622164
0.872617
-0.175623
0.654912
0.627848
-0.494137
-1.004764
0.748692
0.002660
-0.395577
1.381817
1.664169
-0.793083
-0.150608
1.146805
-0.554609
1.401327
0.287988
-0.584906
-1.450159
0.753438
1.118480
0.079920
-1.137814
0.812667
-1.075439
-1.262934
0.875906
1.040487
0.910283
0.535251
-0.093422
-0.916640
-1.243022
-1.788399
-0.771714
-0.263559
-1.099297
-1.392406
-0.870540
-1.122199
1.424699
1.178686
1.668288
1.441322
-0.748507
-0.754781
-0.976125
-1.340627
1.111466
0.632451
0.710593
-1.662137
-0.627616
-0.496275
1.401736
1.493464
-0.692201
0.405126
-0.999962
-0.899329
1.021003
0.391289
0.264412
-0.198750
-0.571262
-1.388114
-0.374924
0.218822
0.746037
0.068473
-0.428427
-0.803300
-0.395712
-0.440572
-1.167076
-0.523728
0.917851
0.412839
0.309791
1.398382
0.834800
0.444010
-1.461541
-0.197425
-0.554144
1.305546
1.202946
-0.837959
0.265720
0.355418
-0.912338
-1.156597
-1.188310
0.405740
1.146693
-1.218430
-0.869058
0.446418
-1.119951
1.355606
0.815354
-1.049206
-1.211251
-0.819702
-0.172135
-0.814999
-0.720283
1.021953
0.595093
0.100260
-0.351764
0.982723
1.414103
0.920066
-0.402531
-0.681885
1.091408
0.999908
1.365458
1.015487
1.283007
1.306153
-0.922270
-0.376344
0.451322
-0.043740
0.606642
1.066868
1.175821
1.293168
1.090997
-0.010549
1.004723
-0.293380
1.038142
-1.260438
1.264005
-0.039216
0.926919
-0.063439
0.039696
-0.277029
0.364637
0.053665
1.376478
1.168048
1.248931
1.188907
1.125030
0.558702
0.992234
-0.759944
0.805207
0.917922
1.166145
1.103752
1.651158
0.852935
-0.360264
1.054527
-1.239757
-0.234383
0.677686
-0.204769
-0.327234
1.053971
-1.377519
0.045238
-0.999991
-0.313900
-0.318111
-0.372130
1.047059
1.326013
0.912421
0.790600
1.092297
0.038020
-1.099157
-1.605632
0.297473
1.306770
-0.982551
1.175720
0.229652
0.085939
-1.091703
0.273557
-0.324145
-0.279023
-1.069497
1.135352
0.150006
0.988095
0.982286
0.622885
0.126327
0.849743
1.462941
-1.046622
-1.216286
-0.564944
-0.706888
-1.343066
-1.274117
-1.109181
-0.274330
-0.657060
0.777844
-0.832929
0.093786
0.803528
0.891977
-1.061213
-0.451861
-0.371748
0.308813
0.630910
-0.305027
-0.847647
-0.503187
0.684792
1.300008
1.207281
0.447838
1.446351
0.464475
0.630748
0.619414
0.890587
-0.243061
-1.547408
0.179428
-1.235542
-0.519388
-0.244310
-0.954284
-1.043497
0.152533
-1.245601
1.234608
-0.002979
0.304971
0.651474
0.422201
0.729754
-0.869357
0.299645
-1.097925
-0.977214
-1.187301
-0.823392
1.557120
0.830213
1.542864
1.033150
-0.278782
0.017556
-1.435980
-0.801245
-1.347291
-0.180500
1.254535
-0.115720
0.830967
-0.439480
0.806124
1.437719
1.233111
1.010241
0.988715
-0.835556
-1.710808
-0.082298
1.044529
-0.790716
1.489853
0.935854
-0.665378
0.262569
-0.244091
1.399937
0.568986
1.135445
0.995750
0.908300
0.102507
-0.322895
-1.050033
0.997726
0.964225
0.030121
-0.319506
-0.018809
0.618362
-1.105396
-0.696755
-1.364681
-0.801663
-0.464255
-0.123750
0.983834
0.622679
1.338633
0.348340
0.655716
1.166339
1.353976
1.109838
1.177418
0.932043
-0.175659
-0.559832
0.605191
0.550674
-0.114503
1.127420
0.422544
0.215521
-0.886294
0.765982
-0.442152
0.891891
0.052354
-0.588431
-0.408863
0.761245
0.207134
-0.637499
-0.157679
-1.121101
1.180547
0.000493
1.511293
-0.715206
0.300394
-1.462424
-1.130957
-1.181750
-0.074599
0.923798
-0.993598
-0.966493
-1.140134
-0.964241
0.757831
0.228014
0.303778
-0.425483
0.344520
-1.386218
1.494255
0.915751
1.378195
0.237335
1.138501
-0.315546
-0.546135
-0.877692
-1.163360
-1.446818
-1.334340
0.662117
-0.745707
-1.310904
-0.974234
-0.489315
-0.130175
0.271050
-0.770142
0.424990
0.635406
-0.765563
0.590996
0.671022
0.621873
0.421783
0.404706
-1.553564
0.377610
1.591044
-0.360879
-1.151139
-0.064258
-0.426838
-1.430356
-1.343794
0.143981
0.242887
-0.654781
1.320771
0.933696
0.538818
0.957326
1.130679
0.171302
0.062430
-1.045116
-1.049632
-0.583722
-0.949785
0.595050
0.953233
1.169370
1.023878
0.805589
-1.625271
-1.232429
-1.335268
0.210186
0.753882
-1.162154
-1.215848
0.068885
1.211347
0.311121
-0.530278
-0.073853
0.340320
-1.178646
0.723815
1.076414
1.057034
0.938339
1.194222
-1.642382
0.178039
-0.204469
-1.070095
0.055243
1.432699
-0.968831
-0.612174
-0.721503
-1.207715
-1.571090
-1.191971
1.137081
0.434982
-0.275370
-0.549471
-0.364866
0.969543
-0.445052
0.563041
-1.228548
-1.369849
-1.362303
-0.787115
-1.425093
-1.032632
-0.659140
-1.141382
-0.283860
1.001948
-0.917028
1.049473
0.973085
-0.927297
-0.628751
1.248909
0.932185
-0.872681
-0.553748
-0.371695
1.347396
0.980637
-1.102272
-0.506326
-0.820654
0.655433
0.326142
1.205339
-0.646609
-0.410580
-1.448788
-0.427365
0.345819
-0.611056
1.341383
1.047687
1.342004
0.504037
0.636332
1.448576
0.829749
-1.111580
0.414425
-0.846901
-1.122750
-1.203218
0.439623
-0.710847
-1.425417
-1.144165
-0.746992
-0.323777
0.301124
0.737537
0.950238
0.530362
-0.973236
1.006935
0.893517
-0.369251
-1.185683
-0.638192
-0.797500
-0.301353
0.120007
1.510084
1.424828
-0.418511
0.813668
1.061982
-1.451730
-1.457156
1.008970
0.847888
0.829876
1.307167
1.346262
-1.241630
-0.779577
0.474869
-0.990143
-1.528697
-1.010483
-1.023899
-0.859871
-1.205022
-0.760766
-0.993199
-0.870999
0.984730
-1.009516
0.309509
-1.213615
-1.030442
-0.408665
0.568465
-1.320809
1.064749
0.886151
1.120638
-0.535933
-1.259674
0.974173
-1.427586
-1.300813
-1.092793
-1.507471
0.885676
1.083653
-0.887908
-1.264050
-1.111902
-0.706828
0.757964
-0.869569
-0.165442
1.202168
-1.046616
-1.105448
1.235443
-0.975479
-0.916332
0.723704
0.215873
1.268956
1.216727
0.246619
-1.112446
-1.050556
-0.722746
-0.362612
1.275930
-1.452822
0.296173
1.381652
0.938644
-1.553712
1.413734
0.946654
-1.791686
-0.721541
-1.667729
0.305150
0.032708
0.398098
0.877877
0.477164
1.004166
1.547488
0.991630
0.275907
-1.201265
-0.349254
1.031297
0.877770
0.657404
0.926192
0.530893
-0.210904
0.182498
-0.317324
0.724475
-1.141225
0.804062
0.437324
1.200676
1.115167
0.973163
1.000104
0.898895
-1.023035
-0.408620
-1.112826
-0.360517
1.093949
0.286027
-0.477491
1.010803
0.929431
-0.241214
-0.893769
0.780286
0.308441
0.903854
1.122139
0.619941
1.428069
-0.637745
-0.251240
1.570677
0.063881
-0.979429
0.958188
-1.240057
1.181928
-1.283425
-0.954731
0.600953
0.338793
0.282530
0.993822
1.592586
-0.033924
0.251849
1.212765
1.695022
-0.457506
1.499881
0.564309
-0.932949
0.692370
0.859432
1.628891
0.114603
0.977102
-0.368878
-0.991706
0.648978
0.908975
1.213606
-0.779300
0.975395
1.122253
1.308481
-0.270741
-1.016431
-1.632822
-0.684620
-0.713756
-1.070495
-0.539190
-0.914909
-0.460678
-1.346467
1.281440
1.020657
1.742252
1.663336
1.190997
0.716574
-0.555781
0.657439
1.563708
0.695468
0.403697
-0.147326
0.391344
-0.345567
1.606137
-0.180904
0.924142
-0.367093
0.566835
0.300084
-1.226530
-1.254793
-0.508551
0.723538
-0.154397
-0.765917
-0.753827
-1.133076
1.090699
1.768455
0.040850
-0.325701
0.731174
-0.571326
-0.823522
-1.007767
-0.106749
-0.441449
0.527985
-1.180427
1.220853
0.344881
-1.340598
-1.202987
-1.278132
-1.063584
-0.707331
-0.146777
-1.163420
0.823364
1.134174
1.101486
0.438926
0.692027
1.139894
-0.055344
-0.699999
-0.896453
-0.367874
0.135282
1.197230
-0.744436
-0.139418
0.141556
-1.210863
-0.157957
-1.014958
-0.837765
0.280792
-0.335999
0.586369
0.488124
0.472114
-0.239230
-0.399012
0.423927
0.583507
0.701629
1.174176
0.948530
0.249711
-0.759654
-0.015059
-0.285302
-1.230091
0.893147
0.774383
0.023416
0.445813
1.270239
-0.882834
1.015313
1.240493
1.401992
-1.024724
-1.043716
0.147505
-0.167463
-1.072166
-1.129836
-0.084007
-0.324897
0.527287
-0.807954
-1.125224
1.210245
1.843855
0.347992
-0.789808
-1.094325
-1.472339
-0.875737
-1.006793
-1.188152
-0.530614
-1.354266
0.296376
0.596061
1.357748
-1.130398
0.998221
1.553902
-0.892860
-0.793780
-1.077517
-1.451029
-1.217376
0.946340
0.637695
0.265717
0.690642
1.484444
0.699539
-0.957364
-0.150388
0.558547
1.742666
0.755451
0.687825
1.335227
0.912191
0.277900
1.521488
0.175455
-1.496348
-1.680264
-1.130814
0.526400
0.860719
-1.326755
-0.814738
-0.761433
-1.348412
-1.313574
1.549638
0.897008
1.028627
0.765369
-1.013487
-0.752549
-1.120315
-0.886927
0.627402
-0.547212
0.388015
0.395700
-1.094294
-1.588582
-1.238384
1.451843
0.481474
1.113285
-0.319995
-0.943106
-0.729266
1.044419
1.217633
0.888262
-1.469778
-0.478282
-0.771861
-0.370277
-1.268768
-1.497461
-1.455532
-1.307618
-0.905070
0.011450
-0.166537
1.595001
1.444987
-0.741035
-0.819262
0.620650
0.919418
-0.929779
-0.924773
-0.792293
-1.276223
-0.155815
0.302316
-0.174755
-1.088986
1.295556
0.199058
-0.737166
1.459719
1.033425
0.191457
-0.443134
-0.712618
-0.886378
-0.562445
-1.237896
-1.066540
-0.998716
-0.759976
-0.805661
-1.024055
-1.189605
0.615036
0.851113
-0.788058
-1.436715
0.588191
-0.359690
-1.321518
-0.772700
1.013765
-0.832044
-0.937868
-0.917963
-1.273336
-0.356969
-0.792823
-0.707224
1.126931
0.971981
0.786942
1.087044
1.195884
-0.065902
1.360420
-0.209714
-0.333447
0.134629
0.811374
-0.484886
1.298512
0.942932
-0.958020
-0.386080
0.350932
0.150631
0.587593
0.972717
-1.264639
-1.245695
-0.806806
-1.474769
-1.277942
-1.477520
-0.904452
-0.873564
-0.133743
-0.953302
0.792956
0.396984
-0.364124
-0.195603
-1.199060
-1.440225
-0.449833
-1.349442
0.158877
0.528138
1.326205
0.572874
0.826955
-0.931903
-0.887815
1.092787
-1.176611
1.168229
1.445356
-0.467985
0.288535
0.686308
0.343215
0.270850
-1.028413
-1.147672
-0.960742
-1.276759
1.326451
-0.327121
0.863853
-0.499750
-0.522672
0.944978
0.793204
0.055515
1.385705
0.722374
-0.278728
-0.917125
-1.059867
0.208008
0.536203
0.488034
-0.765660
0.409358
-1.134821
0.929525
-1.569953
-0.585495
-0.421407
-0.831454
0.312390
-0.760277
-1.091054
0.698672
1.143994
0.799786
-1.215442
1.334737
-0.544711
-0.277098
0.043200
-0.955926
-0.453323
-0.808965
-1.128032
-0.388251
1.244186
0.694018
-0.566303
-1.280621
0.440548
-0.708829
0.363155
1.313784
1.199731
0.637592
0.989921
1.369973
0.201348
1.415234
0.502623
1.299682
1.023999
-0.241965
0.515222
-0.202385
0.542602
-0.679174
0.914300
0.868851
0.666645
1.605837
0.045635
0.098787
0.909870
-0.702524
1.019167
0.654639
0.729005
0.306607
0.634023
0.925126
1.767842
0.580182
0.645498
-0.040778
0.404510
-0.580733
1.191008
0.019937
1.026038
0.611495
0.731959
1.074088
0.143726
0.652623
0.496881
0.756483
-0.481540
-0.957998
-1.436334
-0.663373
-1.169023
0.165596
-1.074495
-1.429799
-0.830504
-1.306647
-1.132286
-0.983718
-1.257667
0.367563
-0.681977
-0.874707
1.021774
0.361900
0.859123
1.047276
-0.529192
0.454237
0.935644
-0.431763
0.721251
1.088508
1.129343
-1.060505
-1.110805
-1.468065
-0.863889
0.107429
-0.399445
-0.607940
-0.813076
-1.101408
-1.326504
-0.842919
0.832416
1.015193
1.019307
0.664498
0.797782
0.481347
0.254389
0.920128
-0.984849
-0.898345
-1.218245
-1.287044
-0.979295
-1.489123
0.236888
-1.389811
-0.800444
1.188829
1.355174
-0.620273
0.212758
1.095568
-0.277124
0.846361
1.022437
0.976885
1.083108
-0.573001
-0.420286
-0.857309
1.003871
0.528155
-0.298384
-0.938801
0.790207
0.523015
1.358269
1.457259
1.288365
1.124183
1.211243
-1.635449
-1.697288
-1.196659
-0.164234
-1.389299
1.026489
1.017304
0.369418
-1.424632
1.317642
-0.372652
-0.064723
-0.412535
1.264540
1.183416
0.468344
0.417550
0.536775
1.091520
-0.844723
-1.099528
0.352905
1.340922
0.545653
0.759408
1.448675
0.921894
1.411869
1.244256
0.866918
0.444596
0.774839
0.819811
0.758622
0.465113
-0.223095
-0.373439
-0.850354
0.792807
0.657062
-0.393024
-1.037105
0.775509
0.933939
0.361602
0.702803
0.403775
-0.729419
-0.915995
0.112868
0.813683
-0.288976
1.076446
1.271699
1.364000
0.816606
-0.894010
1.342053
-0.197159
1.330370
0.479903
1.488672
-1.080223
-0.737248
-1.301436
0.331121
0.888738
-0.816550
1.092884
0.405825
-0.268122
-0.767313
-0.327038
-0.591574
-0.762589
-1.561801
-1.232850
-1.079661
-1.387112
-0.921685
-0.318950
1.064623
0.650921
1.446810
1.171431
-0.432153
-0.789886
-0.850140
1.061270
0.165704
-0.276090
1.594764
1.440497
0.230156
-0.746572
1.357585
0.830189
1.197501
0.281311
1.059870
-1.162542
0.060531
-0.522275
0.849189
1.070595
1.030396
0.026680
-0.985814
-0.802793
-0.975988
-0.723136
-0.329079
-0.599692
0.196806
-0.888984
-0.490822
1.421048
1.053542
0.727220
-0.996503
0.936573
0.979325
1.037645
-0.002681
-0.834685
1.215280
1.242886
-0.597406
-0.459842
-0.061102
-0.730845
-0.243850
0.481236
0.704856
0.361480
0.831239
1.178808
0.293652
0.168997
-0.609432
-1.083107
1.292986
0.693855
0.862952
-0.951146
-0.077494
-0.937790
-0.703374
-1.916546
-0.267072
-1.089220
-0.798008
-1.293159
-0.690464
1.296790
-1.166316
-0.907306
-0.087133
-1.085536
-1.097584
-0.820797
-0.699868
-0.243992
1.430617
0.835841
0.442652
1.379848
-0.447214
-0.572689
0.700678
-0.556885
-0.821335
0.312449
1.144803
1.130933
0.171827
-1.112339
0.138729
1.174065
1.299129
-0.797361
-1.176135
-0.014354
0.242167
1.153834
0.926892
1.194420
-0.620749
-0.579501
1.153988
-0.380038
-0.429449
-0.136970
0.323641
1.014845
-0.936020
0.874005
1.099543
0.850880
0.831015
-0.608070
-0.915987
-1.484574
-0.858817
0.971094
-1.024567
-0.787714
-0.414587
0.461913
0.705217
-1.052646
-1.022297
-0.600867
0.043498
0.471619
0.736744
-0.640043
-1.412769
0.980702
1.406347
0.747793
-1.224323
0.773365
1.186173
-1.065835
-0.937492
-0.774141
-0.402171
-0.767853
-0.782811
-1.169078
-1.451015
0.843129
-1.126142
-0.956069
-0.459946
-0.625735
-0.289957
0.431152
0.415935
1.254911
0.818304
-1.041681
-1.097539
-0.212446
0.695227
0.344090
-0.699135
-0.315312
0.754047
0.410538
-0.951880
-1.213311
-1.488955
-0.037392
-1.169619
-1.177975
-0.584693
-1.459295
-0.808087
-1.172780
-0.408251
1.014410
0.479705
1.114564
1.058254
0.046643
-0.436958
-1.501472
-0.898080
-0.747345
-1.255088
-0.919021
1.365878
1.263422
-1.128221
-0.886938
-0.723547
-1.069878
1.018169
-1.616609
-0.157846
-0.280458
-1.276455
-1.092977
0.497600
1.377570
0.406137
-0.906643
-1.234545
-0.824893
-1.221251
1.359495
1.320567
-0.342823
-0.463211
-1.393675
-1.443792
-1.103043
-0.169223
1.042198
0.838456
-1.055626
0.242578
-0.010795
0.482973
1.174258
1.152561
0.941780
-0.559494
0.383383
0.880914
1.521186
0.456147
1.397222
-1.608074
1.152720
-0.027615
1.457076
1.415241
1.018524
0.147880
1.445630
0.716221
-1.022948
-0.578339
-1.110123
0.204701
-1.104963
-0.780194
-0.929130
0.682451
0.491384
-0.388082
0.872702
1.281792
1.372853
-0.517376
-1.676861
1.102105
-1.063956
-1.198562
-0.563172
1.019279
0.349955
-0.378958
1.542916
1.353503
0.401025
0.199617
-1.275011
1.144162
0.881244
1.114419
0.499731
1.425510
0.707569
1.106673
1.102892
0.857666
0.634068
0.992242
-0.335951
-1.495445
0.589919
0.992356
0.550273
-1.272146
-0.848882
1.520382
-0.091766
-1.160291
0.214279
1.409327
-1.134499
-0.087732
-0.811488
-0.986559
-0.431131
-0.851894
-0.498514
0.470915
0.915242
1.186093
-0.916619
-0.977484
-0.822494
-1.461865
-0.025972
-1.404498
-1.217112
-0.627412
-1.435786
-0.946996
-0.936826
-1.667896
-1.283957
-0.541944
0.393544
-1.108847
